This is pdfTeX, Version 3.1415926-2.5-1.40.14 (TeX Live 2013/Debian) (format=pdflatex 2014.9.3)  14 APR 2017 10:31
entering extended mode
 restricted \write18 enabled.
 %&-line parsing enabled.
**psmits_defense.tex
(./psmits_defense.tex
LaTeX2e <2011/06/27>
Babel <3.9h> and hyphenation patterns for 78 languages loaded.
(/usr/share/texmf/tex/latex/beamer/base/beamer.cls
(/usr/share/texmf/tex/latex/beamer/base/beamerbasercs.sty
Package: beamerbasercs 2012/11/13 (rcs-revision cb16a617839f)
)
Document Class: beamer 2012/10/15 development version 3.24 A class for typesett
ing presentations (rcs-revision 24853e6b98cf)
(/usr/share/texmf/tex/latex/beamer/base/beamerbasemodes.sty
Package: beamerbasemodes 2012/04/15 (rcs-revision cc6557182d97)
\beamer@tempbox=\box26
\beamer@tempcount=\count79
\c@beamerpauses=\count80

(/usr/share/texmf/tex/latex/beamer/base/beamerbasedecode.sty
Package: beamerbasedecode 2010/05/01 (rcs-revision efa082c6111d)
\beamer@slideinframe=\count81
\beamer@minimum=\count82
)
\beamer@commentbox=\box27
\beamer@modecount=\count83
)
(/usr/share/texlive/texmf-dist/tex/generic/oberdiek/ifpdf.sty
Package: ifpdf 2011/01/30 v2.3 Provides the ifpdf switch (HO)
Package ifpdf Info: pdfTeX in PDF mode is detected.
)
\headheight=\dimen102
\headdp=\dimen103
\footheight=\dimen104
\sidebarheight=\dimen105
\beamer@tempdim=\dimen106
\beamer@finalheight=\dimen107
\beamer@animht=\dimen108
\beamer@animdp=\dimen109
\beamer@animwd=\dimen110
\beamer@leftmargin=\dimen111
\beamer@rightmargin=\dimen112
\beamer@leftsidebar=\dimen113
\beamer@rightsidebar=\dimen114
\beamer@boxsize=\dimen115
\beamer@vboxoffset=\dimen116
\beamer@descdefault=\dimen117
\beamer@descriptionwidth=\dimen118
\beamer@lastskip=\skip41
\beamer@areabox=\box28
\beamer@animcurrent=\box29
\beamer@animshowbox=\box30
\beamer@sectionbox=\box31
\beamer@logobox=\box32
\beamer@linebox=\box33
\beamer@sectioncount=\count84
\beamer@subsubsectionmax=\count85
\beamer@subsectionmax=\count86
\beamer@sectionmax=\count87
\beamer@totalheads=\count88
\beamer@headcounter=\count89
\beamer@partstartpage=\count90
\beamer@sectionstartpage=\count91
\beamer@subsectionstartpage=\count92
\beamer@animationtempa=\count93
\beamer@animationtempb=\count94
\beamer@xpos=\count95
\beamer@ypos=\count96
\beamer@showpartnumber=\count97
\beamer@currentsubsection=\count98
\beamer@coveringdepth=\count99
\beamer@sectionadjust=\count100
\beamer@tocsectionnumber=\count101

(/usr/share/texmf/tex/latex/beamer/base/beamerbaseoptions.sty
Package: beamerbaseoptions 2010/04/27 (rcs-revision 982469101dd6)

(/usr/share/texlive/texmf-dist/tex/latex/graphics/keyval.sty
Package: keyval 1999/03/16 v1.13 key=value parser (DPC)
\KV@toks@=\toks14
))
\beamer@paperwidth=\skip42
\beamer@paperheight=\skip43

(/usr/share/texlive/texmf-dist/tex/latex/geometry/geometry.sty
Package: geometry 2010/09/12 v5.6 Page Geometry

(/usr/share/texlive/texmf-dist/tex/generic/oberdiek/ifvtex.sty
Package: ifvtex 2010/03/01 v1.5 Detect VTeX and its facilities (HO)
Package ifvtex Info: VTeX not detected.
)
(/usr/share/texlive/texmf-dist/tex/generic/ifxetex/ifxetex.sty
Package: ifxetex 2010/09/12 v0.6 Provides ifxetex conditional
)
\Gm@cnth=\count102
\Gm@cntv=\count103
\c@Gm@tempcnt=\count104
\Gm@bindingoffset=\dimen119
\Gm@wd@mp=\dimen120
\Gm@odd@mp=\dimen121
\Gm@even@mp=\dimen122
\Gm@layoutwidth=\dimen123
\Gm@layoutheight=\dimen124
\Gm@layouthoffset=\dimen125
\Gm@layoutvoffset=\dimen126
\Gm@dimlist=\toks15
)
(/usr/share/texlive/texmf-dist/tex/latex/base/size11.clo
File: size11.clo 2007/10/19 v1.4h Standard LaTeX file (size option)
)
(/usr/share/texmf/tex/latex/pgf/basiclayer/pgfcore.sty
(/usr/share/texlive/texmf-dist/tex/latex/graphics/graphicx.sty
Package: graphicx 1999/02/16 v1.0f Enhanced LaTeX Graphics (DPC,SPQR)

(/usr/share/texlive/texmf-dist/tex/latex/graphics/graphics.sty
Package: graphics 2009/02/05 v1.0o Standard LaTeX Graphics (DPC,SPQR)

(/usr/share/texlive/texmf-dist/tex/latex/graphics/trig.sty
Package: trig 1999/03/16 v1.09 sin cos tan (DPC)
)
(/usr/share/texlive/texmf-dist/tex/latex/latexconfig/graphics.cfg
File: graphics.cfg 2010/04/23 v1.9 graphics configuration of TeX Live
)
Package graphics Info: Driver file: pdftex.def on input line 91.

(/usr/share/texlive/texmf-dist/tex/latex/pdftex-def/pdftex.def
File: pdftex.def 2011/05/27 v0.06d Graphics/color for pdfTeX

(/usr/share/texlive/texmf-dist/tex/generic/oberdiek/infwarerr.sty
Package: infwarerr 2010/04/08 v1.3 Providing info/warning/error messages (HO)
)
(/usr/share/texlive/texmf-dist/tex/generic/oberdiek/ltxcmds.sty
Package: ltxcmds 2011/11/09 v1.22 LaTeX kernel commands for general use (HO)
)
\Gread@gobject=\count105
))
\Gin@req@height=\dimen127
\Gin@req@width=\dimen128
)
(/usr/share/texmf/tex/latex/pgf/systemlayer/pgfsys.sty
(/usr/share/texmf/tex/latex/pgf/utilities/pgfrcs.sty
(/usr/share/texmf/tex/generic/pgf/utilities/pgfutil-common.tex
\pgfutil@everybye=\toks16
)
(/usr/share/texmf/tex/generic/pgf/utilities/pgfutil-latex.def
\pgfutil@abb=\box34

(/usr/share/texlive/texmf-dist/tex/latex/ms/everyshi.sty
Package: everyshi 2001/05/15 v3.00 EveryShipout Package (MS)
))
(/usr/share/texmf/tex/generic/pgf/utilities/pgfrcs.code.tex
Package: pgfrcs 2010/10/25 v2.10 (rcs-revision 1.24)
))
(/usr/share/texmf/tex/generic/pgf/systemlayer/pgfsys.code.tex
Package: pgfsys 2010/06/30 v2.10 (rcs-revision 1.37)

(/usr/share/texmf/tex/generic/pgf/utilities/pgfkeys.code.tex
\pgfkeys@pathtoks=\toks17
\pgfkeys@temptoks=\toks18

(/usr/share/texmf/tex/generic/pgf/utilities/pgfkeysfiltered.code.tex
\pgfkeys@tmptoks=\toks19
))
\pgf@x=\dimen129
\pgf@y=\dimen130
\pgf@xa=\dimen131
\pgf@ya=\dimen132
\pgf@xb=\dimen133
\pgf@yb=\dimen134
\pgf@xc=\dimen135
\pgf@yc=\dimen136
\w@pgf@writea=\write3
\r@pgf@reada=\read1
\c@pgf@counta=\count106
\c@pgf@countb=\count107
\c@pgf@countc=\count108
\c@pgf@countd=\count109

(/usr/share/texmf/tex/generic/pgf/systemlayer/pgf.cfg
File: pgf.cfg 2008/05/14  (rcs-revision 1.7)
)
Package pgfsys Info: Driver file for pgf: pgfsys-pdftex.def on input line 900.

(/usr/share/texmf/tex/generic/pgf/systemlayer/pgfsys-pdftex.def
File: pgfsys-pdftex.def 2009/05/22  (rcs-revision 1.26)

(/usr/share/texmf/tex/generic/pgf/systemlayer/pgfsys-common-pdf.def
File: pgfsys-common-pdf.def 2008/05/19  (rcs-revision 1.10)
)))
(/usr/share/texmf/tex/generic/pgf/systemlayer/pgfsyssoftpath.code.tex
File: pgfsyssoftpath.code.tex 2008/07/18  (rcs-revision 1.7)
\pgfsyssoftpath@smallbuffer@items=\count110
\pgfsyssoftpath@bigbuffer@items=\count111
)
(/usr/share/texmf/tex/generic/pgf/systemlayer/pgfsysprotocol.code.tex
File: pgfsysprotocol.code.tex 2006/10/16  (rcs-revision 1.4)
))
(/usr/share/texmf/tex/latex/xcolor/xcolor.sty
Package: xcolor 2007/01/21 v2.11 LaTeX color extensions (UK)

(/usr/share/texlive/texmf-dist/tex/latex/latexconfig/color.cfg
File: color.cfg 2007/01/18 v1.5 color configuration of teTeX/TeXLive
)
Package xcolor Info: Driver file: pdftex.def on input line 225.
Package xcolor Info: Model `cmy' substituted by `cmy0' on input line 1337.
Package xcolor Info: Model `hsb' substituted by `rgb' on input line 1341.
Package xcolor Info: Model `RGB' extended on input line 1353.
Package xcolor Info: Model `HTML' substituted by `rgb' on input line 1355.
Package xcolor Info: Model `Hsb' substituted by `hsb' on input line 1356.
Package xcolor Info: Model `tHsb' substituted by `hsb' on input line 1357.
Package xcolor Info: Model `HSB' substituted by `hsb' on input line 1358.
Package xcolor Info: Model `Gray' substituted by `gray' on input line 1359.
Package xcolor Info: Model `wave' substituted by `hsb' on input line 1360.
)
(/usr/share/texmf/tex/generic/pgf/basiclayer/pgfcore.code.tex
Package: pgfcore 2010/04/11 v2.10 (rcs-revision 1.7)

(/usr/share/texmf/tex/generic/pgf/math/pgfmath.code.tex
(/usr/share/texmf/tex/generic/pgf/math/pgfmathcalc.code.tex
(/usr/share/texmf/tex/generic/pgf/math/pgfmathutil.code.tex)
(/usr/share/texmf/tex/generic/pgf/math/pgfmathparser.code.tex
\pgfmath@dimen=\dimen137
\pgfmath@count=\count112
\pgfmath@box=\box35
\pgfmath@toks=\toks20
\pgfmath@stack@operand=\toks21
\pgfmath@stack@operation=\toks22
)
(/usr/share/texmf/tex/generic/pgf/math/pgfmathfunctions.code.tex
(/usr/share/texmf/tex/generic/pgf/math/pgfmathfunctions.basic.code.tex)
(/usr/share/texmf/tex/generic/pgf/math/pgfmathfunctions.trigonometric.code.tex)
(/usr/share/texmf/tex/generic/pgf/math/pgfmathfunctions.random.code.tex)
(/usr/share/texmf/tex/generic/pgf/math/pgfmathfunctions.comparison.code.tex)
(/usr/share/texmf/tex/generic/pgf/math/pgfmathfunctions.base.code.tex)
(/usr/share/texmf/tex/generic/pgf/math/pgfmathfunctions.round.code.tex)
(/usr/share/texmf/tex/generic/pgf/math/pgfmathfunctions.misc.code.tex)))
(/usr/share/texmf/tex/generic/pgf/math/pgfmathfloat.code.tex
\c@pgfmathroundto@lastzeros=\count113
))
(/usr/share/texmf/tex/generic/pgf/basiclayer/pgfcorepoints.code.tex
File: pgfcorepoints.code.tex 2010/04/09  (rcs-revision 1.20)
\pgf@picminx=\dimen138
\pgf@picmaxx=\dimen139
\pgf@picminy=\dimen140
\pgf@picmaxy=\dimen141
\pgf@pathminx=\dimen142
\pgf@pathmaxx=\dimen143
\pgf@pathminy=\dimen144
\pgf@pathmaxy=\dimen145
\pgf@xx=\dimen146
\pgf@xy=\dimen147
\pgf@yx=\dimen148
\pgf@yy=\dimen149
\pgf@zx=\dimen150
\pgf@zy=\dimen151
)
(/usr/share/texmf/tex/generic/pgf/basiclayer/pgfcorepathconstruct.code.tex
File: pgfcorepathconstruct.code.tex 2010/08/03  (rcs-revision 1.24)
\pgf@path@lastx=\dimen152
\pgf@path@lasty=\dimen153
)
(/usr/share/texmf/tex/generic/pgf/basiclayer/pgfcorepathusage.code.tex
File: pgfcorepathusage.code.tex 2008/04/22  (rcs-revision 1.12)
\pgf@shorten@end@additional=\dimen154
\pgf@shorten@start@additional=\dimen155
)
(/usr/share/texmf/tex/generic/pgf/basiclayer/pgfcorescopes.code.tex
File: pgfcorescopes.code.tex 2010/09/08  (rcs-revision 1.34)
\pgfpic=\box36
\pgf@hbox=\box37
\pgf@layerbox@main=\box38
\pgf@picture@serial@count=\count114
)
(/usr/share/texmf/tex/generic/pgf/basiclayer/pgfcoregraphicstate.code.tex
File: pgfcoregraphicstate.code.tex 2008/04/22  (rcs-revision 1.9)
\pgflinewidth=\dimen156
)
(/usr/share/texmf/tex/generic/pgf/basiclayer/pgfcoretransformations.code.tex
File: pgfcoretransformations.code.tex 2009/06/10  (rcs-revision 1.11)
\pgf@pt@x=\dimen157
\pgf@pt@y=\dimen158
\pgf@pt@temp=\dimen159
)
(/usr/share/texmf/tex/generic/pgf/basiclayer/pgfcorequick.code.tex
File: pgfcorequick.code.tex 2008/10/09  (rcs-revision 1.3)
)
(/usr/share/texmf/tex/generic/pgf/basiclayer/pgfcoreobjects.code.tex
File: pgfcoreobjects.code.tex 2006/10/11  (rcs-revision 1.2)
)
(/usr/share/texmf/tex/generic/pgf/basiclayer/pgfcorepathprocessing.code.tex
File: pgfcorepathprocessing.code.tex 2008/10/09  (rcs-revision 1.8)
)
(/usr/share/texmf/tex/generic/pgf/basiclayer/pgfcorearrows.code.tex
File: pgfcorearrows.code.tex 2008/04/23  (rcs-revision 1.11)
)
(/usr/share/texmf/tex/generic/pgf/basiclayer/pgfcoreshade.code.tex
File: pgfcoreshade.code.tex 2008/11/23  (rcs-revision 1.13)
\pgf@max=\dimen160
\pgf@sys@shading@range@num=\count115
)
(/usr/share/texmf/tex/generic/pgf/basiclayer/pgfcoreimage.code.tex
File: pgfcoreimage.code.tex 2010/03/25  (rcs-revision 1.16)

(/usr/share/texmf/tex/generic/pgf/basiclayer/pgfcoreexternal.code.tex
File: pgfcoreexternal.code.tex 2010/09/01  (rcs-revision 1.17)
\pgfexternal@startupbox=\box39
))
(/usr/share/texmf/tex/generic/pgf/basiclayer/pgfcorelayers.code.tex
File: pgfcorelayers.code.tex 2010/08/27  (rcs-revision 1.2)
)
(/usr/share/texmf/tex/generic/pgf/basiclayer/pgfcoretransparency.code.tex
File: pgfcoretransparency.code.tex 2008/01/17  (rcs-revision 1.2)
)
(/usr/share/texmf/tex/generic/pgf/basiclayer/pgfcorepatterns.code.tex
File: pgfcorepatterns.code.tex 2009/07/02  (rcs-revision 1.3)
)))
(/usr/share/texmf/tex/latex/pgf/utilities/xxcolor.sty
Package: xxcolor 2003/10/24 ver 0.1
\XC@nummixins=\count116
\XC@countmixins=\count117
)
(/usr/share/texlive/texmf-dist/tex/latex/hyperref/hyperref.sty
Package: hyperref 2012/11/06 v6.83m Hypertext links for LaTeX

(/usr/share/texlive/texmf-dist/tex/generic/oberdiek/hobsub-hyperref.sty
Package: hobsub-hyperref 2012/05/28 v1.13 Bundle oberdiek, subset hyperref (HO)


(/usr/share/texlive/texmf-dist/tex/generic/oberdiek/hobsub-generic.sty
Package: hobsub-generic 2012/05/28 v1.13 Bundle oberdiek, subset generic (HO)
Package: hobsub 2012/05/28 v1.13 Construct package bundles (HO)
Package hobsub Info: Skipping package `infwarerr' (already loaded).
Package hobsub Info: Skipping package `ltxcmds' (already loaded).
Package: ifluatex 2010/03/01 v1.3 Provides the ifluatex switch (HO)
Package ifluatex Info: LuaTeX not detected.
Package hobsub Info: Skipping package `ifvtex' (already loaded).
Package: intcalc 2007/09/27 v1.1 Expandable calculations with integers (HO)
Package hobsub Info: Skipping package `ifpdf' (already loaded).
Package: etexcmds 2011/02/16 v1.5 Avoid name clashes with e-TeX commands (HO)
Package etexcmds Info: Could not find \expanded.
(etexcmds)             That can mean that you are not using pdfTeX 1.50 or
(etexcmds)             that some package has redefined \expanded.
(etexcmds)             In the latter case, load this package earlier.
Package: kvsetkeys 2012/04/25 v1.16 Key value parser (HO)
Package: kvdefinekeys 2011/04/07 v1.3 Define keys (HO)
Package: pdftexcmds 2011/11/29 v0.20 Utility functions of pdfTeX for LuaTeX (HO
)
Package pdftexcmds Info: LuaTeX not detected.
Package pdftexcmds Info: \pdf@primitive is available.
Package pdftexcmds Info: \pdf@ifprimitive is available.
Package pdftexcmds Info: \pdfdraftmode found.
Package: pdfescape 2011/11/25 v1.13 Implements pdfTeX's escape features (HO)
Package: bigintcalc 2012/04/08 v1.3 Expandable calculations on big integers (HO
)
Package: bitset 2011/01/30 v1.1 Handle bit-vector datatype (HO)
Package: uniquecounter 2011/01/30 v1.2 Provide unlimited unique counter (HO)
)
Package hobsub Info: Skipping package `hobsub' (already loaded).
Package: letltxmacro 2010/09/02 v1.4 Let assignment for LaTeX macros (HO)
Package: hopatch 2012/05/28 v1.2 Wrapper for package hooks (HO)
Package: xcolor-patch 2011/01/30 xcolor patch
Package: atveryend 2011/06/30 v1.8 Hooks at the very end of document (HO)
Package atveryend Info: \enddocument detected (standard20110627).
Package: atbegshi 2011/10/05 v1.16 At begin shipout hook (HO)
Package: refcount 2011/10/16 v3.4 Data extraction from label references (HO)
Package: hycolor 2011/01/30 v1.7 Color options for hyperref/bookmark (HO)
)
(/usr/share/texlive/texmf-dist/tex/latex/oberdiek/auxhook.sty
Package: auxhook 2011/03/04 v1.3 Hooks for auxiliary files (HO)
)
(/usr/share/texlive/texmf-dist/tex/latex/oberdiek/kvoptions.sty
Package: kvoptions 2011/06/30 v3.11 Key value format for package options (HO)
)
\@linkdim=\dimen161
\Hy@linkcounter=\count118
\Hy@pagecounter=\count119

(/usr/share/texlive/texmf-dist/tex/latex/hyperref/pd1enc.def
File: pd1enc.def 2012/11/06 v6.83m Hyperref: PDFDocEncoding definition (HO)
)
\Hy@SavedSpaceFactor=\count120

(/usr/share/texlive/texmf-dist/tex/latex/latexconfig/hyperref.cfg
File: hyperref.cfg 2002/06/06 v1.2 hyperref configuration of TeXLive
)
Package hyperref Info: Option `bookmarks' set `true' on input line 4319.
Package hyperref Info: Option `bookmarksopen' set `true' on input line 4319.
Package hyperref Info: Option `implicit' set `false' on input line 4319.
Package hyperref Info: Hyper figures OFF on input line 4443.
Package hyperref Info: Link nesting OFF on input line 4448.
Package hyperref Info: Hyper index ON on input line 4451.
Package hyperref Info: Plain pages OFF on input line 4458.
Package hyperref Info: Backreferencing OFF on input line 4463.
Package hyperref Info: Implicit mode OFF; no redefinition of LaTeX internals.
Package hyperref Info: Bookmarks ON on input line 4688.
\c@Hy@tempcnt=\count121

(/usr/share/texlive/texmf-dist/tex/latex/url/url.sty
\Urlmuskip=\muskip10
Package: url 2013/09/16  ver 3.4  Verb mode for urls, etc.
)
LaTeX Info: Redefining \url on input line 5041.
\XeTeXLinkMargin=\dimen162
\Fld@menulength=\count122
\Field@Width=\dimen163
\Fld@charsize=\dimen164
Package hyperref Info: Hyper figures OFF on input line 6295.
Package hyperref Info: Link nesting OFF on input line 6300.
Package hyperref Info: Hyper index ON on input line 6303.
Package hyperref Info: backreferencing OFF on input line 6310.
Package hyperref Info: Link coloring OFF on input line 6315.
Package hyperref Info: Link coloring with OCG OFF on input line 6320.
Package hyperref Info: PDF/A mode OFF on input line 6325.
LaTeX Info: Redefining \ref on input line 6365.
LaTeX Info: Redefining \pageref on input line 6369.
\Hy@abspage=\count123


Package hyperref Message: Stopped early.

)

Package hyperref Message: Driver (autodetected): hpdftex.

(/usr/share/texlive/texmf-dist/tex/latex/hyperref/hpdftex.def
File: hpdftex.def 2012/11/06 v6.83m Hyperref driver for pdfTeX
\Fld@listcount=\count124
\c@bookmark@seq@number=\count125

(/usr/share/texlive/texmf-dist/tex/latex/oberdiek/rerunfilecheck.sty
Package: rerunfilecheck 2011/04/15 v1.7 Rerun checks for auxiliary files (HO)
Package uniquecounter Info: New unique counter `rerunfilecheck' on input line 2
82.
))
(/usr/share/texmf/tex/latex/beamer/base/beamerbaserequires.sty
Package: beamerbaserequires 2010/05/01  (rcs-revision efa082c6111d)

(/usr/share/texmf/tex/latex/beamer/base/beamerbasecompatibility.sty
Package: beamerbasecompatibility 2012/05/01  (rcs-revision 67c48b3b652d)
)
(/usr/share/texmf/tex/latex/beamer/base/beamerbasefont.sty
Package: beamerbasefont 2012/09/19  (rcs-revision 733629cd0c6c)

(/usr/share/texlive/texmf-dist/tex/latex/amsfonts/amssymb.sty
Package: amssymb 2013/01/14 v3.01 AMS font symbols

(/usr/share/texlive/texmf-dist/tex/latex/amsfonts/amsfonts.sty
Package: amsfonts 2013/01/14 v3.01 Basic AMSFonts support
\@emptytoks=\toks23
\symAMSa=\mathgroup4
\symAMSb=\mathgroup5
LaTeX Font Info:    Overwriting math alphabet `\mathfrak' in version `bold'
(Font)                  U/euf/m/n --> U/euf/b/n on input line 106.
)))
(/usr/share/texmf/tex/latex/beamer/base/beamerbasetranslator.sty
Package: beamerbasetranslator 2010/06/11  (rcs-revision 85fd1cc7fc42)

(/usr/share/texmf/tex/latex/beamer/base/translator/translator.sty
Package: translator 2010/06/12 ver 1.10

(/usr/share/texmf/tex/latex/beamer/base/translator/translator-language-mappings
.tex))) (/usr/share/texmf/tex/latex/beamer/base/beamerbasemisc.sty
Package: beamerbasemisc 2012/02/24  (rcs-revision 2ff5461be705)
)
(/usr/share/texmf/tex/latex/beamer/base/beamerbasetwoscreens.sty
Package: beamerbasetwoscreens 2010/05/01  (rcs-revision efa082c6111d)
)
(/usr/share/texmf/tex/latex/beamer/base/beamerbaseoverlay.sty
Package: beamerbaseoverlay 2012/11/11  (rcs-revision 6afbc49b1109)
\beamer@argscount=\count126
\beamer@lastskipcover=\skip44
\beamer@trivlistdepth=\count127
)
(/usr/share/texmf/tex/latex/beamer/base/beamerbasetitle.sty
Package: beamerbasetitle 2010/09/21  (rcs-revision f0446ed0b6ae)
)
(/usr/share/texmf/tex/latex/beamer/base/beamerbasesection.sty
Package: beamerbasesection 2012/11/11  (rcs-revision 0056eef6f17f)
\c@lecture=\count128
\c@part=\count129
\c@section=\count130
\c@subsection=\count131
\c@subsubsection=\count132
)
(/usr/share/texmf/tex/latex/beamer/base/beamerbaseframe.sty
Package: beamerbaseframe 2012/09/13  (rcs-revision dcd846607320)
\beamer@framebox=\box40
\beamer@frametitlebox=\box41
\beamer@zoombox=\box42
\beamer@zoomcount=\count133
\beamer@zoomframecount=\count134
\beamer@frametextheight=\dimen165
\c@subsectionslide=\count135
\beamer@frametopskip=\skip45
\beamer@framebottomskip=\skip46
\beamer@frametopskipautobreak=\skip47
\beamer@framebottomskipautobreak=\skip48
\beamer@envbody=\toks24
\framewidth=\dimen166
\c@framenumber=\count136
)
(/usr/share/texmf/tex/latex/beamer/base/beamerbaseverbatim.sty
Package: beamerbaseverbatim 2012/08/30  (rcs-revision dfdb135076b3)
\beamer@verbatimfileout=\write4
)
(/usr/share/texmf/tex/latex/beamer/base/beamerbaseframesize.sty
Package: beamerbaseframesize 2011/09/12  (rcs-revision 70f9d8411e54)
\beamer@splitbox=\box43
\beamer@autobreakcount=\count137
\beamer@autobreaklastheight=\dimen167
\beamer@frametitletoks=\toks25
\beamer@framesubtitletoks=\toks26
)
(/usr/share/texmf/tex/latex/beamer/base/beamerbaseframecomponents.sty
Package: beamerbaseframecomponents 2012/09/13  (rcs-revision dcd846607320)
\beamer@footins=\box44
)
(/usr/share/texmf/tex/latex/beamer/base/beamerbasecolor.sty
Package: beamerbasecolor 2010/06/06  (rcs-revision d1a9b48be06d)
)
(/usr/share/texmf/tex/latex/beamer/base/beamerbasenotes.sty
Package: beamerbasenotes 2010/05/01  (rcs-revision efa082c6111d)
\beamer@frameboxcopy=\box45
)
(/usr/share/texmf/tex/latex/beamer/base/beamerbasetoc.sty
Package: beamerbasetoc 2012/10/02  (rcs-revision 5ed0f4010e8a)
)
(/usr/share/texmf/tex/latex/beamer/base/beamerbasetemplates.sty
Package: beamerbasetemplates 2010/05/01  (rcs-revision efa082c6111d)
\beamer@sbttoks=\toks27

(/usr/share/texmf/tex/latex/beamer/base/beamerbaseauxtemplates.sty
Package: beamerbaseauxtemplates 2012/05/01  (rcs-revision 67c48b3b652d)

(/usr/share/texmf/tex/latex/beamer/base/beamerbaseboxes.sty
Package: beamerbaseboxes 2012/05/13  (rcs-revision 56972908a390)
\bmb@box=\box46
\bmb@colorbox=\box47
\bmb@boxshadow=\box48
\bmb@boxshadowball=\box49
\bmb@boxshadowballlarge=\box50
\bmb@temp=\dimen168
\bmb@dima=\dimen169
\bmb@dimb=\dimen170
\bmb@prevheight=\dimen171
)
\beamer@blockheadheight=\dimen172
))
(/usr/share/texmf/tex/latex/beamer/base/beamerbaselocalstructure.sty
Package: beamerbaselocalstructure 2012/11/13  (rcs-revision ddfba79dac19)

(/usr/share/texlive/texmf-dist/tex/latex/tools/enumerate.sty
Package: enumerate 1999/03/05 v3.00 enumerate extensions (DPC)
\@enLab=\toks28
)
\c@figure=\count138
\c@table=\count139
\abovecaptionskip=\skip49
\belowcaptionskip=\skip50
)
(/usr/share/texmf/tex/latex/beamer/base/beamerbasenavigation.sty
Package: beamerbasenavigation 2012/04/03  (rcs-revision 42a0f21a412d)
\beamer@section@min@dim=\dimen173
)
(/usr/share/texmf/tex/latex/beamer/base/beamerbasetheorems.sty
Package: beamerbasetheorems 2010/06/06  (rcs-revision 7e7cc5e53e9d)

(/usr/share/texlive/texmf-dist/tex/latex/amsmath/amsmath.sty
Package: amsmath 2013/01/14 v2.14 AMS math features
\@mathmargin=\skip51

For additional information on amsmath, use the `?' option.
(/usr/share/texlive/texmf-dist/tex/latex/amsmath/amstext.sty
Package: amstext 2000/06/29 v2.01

(/usr/share/texlive/texmf-dist/tex/latex/amsmath/amsgen.sty
File: amsgen.sty 1999/11/30 v2.0
\@emptytoks=\toks29
\ex@=\dimen174
))
(/usr/share/texlive/texmf-dist/tex/latex/amsmath/amsbsy.sty
Package: amsbsy 1999/11/29 v1.2d
\pmbraise@=\dimen175
)
(/usr/share/texlive/texmf-dist/tex/latex/amsmath/amsopn.sty
Package: amsopn 1999/12/14 v2.01 operator names
)
\inf@bad=\count140
LaTeX Info: Redefining \frac on input line 210.
\uproot@=\count141
\leftroot@=\count142
LaTeX Info: Redefining \overline on input line 306.
\classnum@=\count143
\DOTSCASE@=\count144
LaTeX Info: Redefining \ldots on input line 378.
LaTeX Info: Redefining \dots on input line 381.
LaTeX Info: Redefining \cdots on input line 466.
\Mathstrutbox@=\box51
\strutbox@=\box52
\big@size=\dimen176
LaTeX Font Info:    Redeclaring font encoding OML on input line 566.
LaTeX Font Info:    Redeclaring font encoding OMS on input line 567.
\macc@depth=\count145
\c@MaxMatrixCols=\count146
\dotsspace@=\muskip11
\c@parentequation=\count147
\dspbrk@lvl=\count148
\tag@help=\toks30
\row@=\count149
\column@=\count150
\maxfields@=\count151
\andhelp@=\toks31
\eqnshift@=\dimen177
\alignsep@=\dimen178
\tagshift@=\dimen179
\tagwidth@=\dimen180
\totwidth@=\dimen181
\lineht@=\dimen182
\@envbody=\toks32
\multlinegap=\skip52
\multlinetaggap=\skip53
\mathdisplay@stack=\toks33
LaTeX Info: Redefining \[ on input line 2665.
LaTeX Info: Redefining \] on input line 2666.
)
(/usr/share/texlive/texmf-dist/tex/latex/amscls/amsthm.sty
Package: amsthm 2004/08/06 v2.20
\thm@style=\toks34
\thm@bodyfont=\toks35
\thm@headfont=\toks36
\thm@notefont=\toks37
\thm@headpunct=\toks38
\thm@preskip=\skip54
\thm@postskip=\skip55
\thm@headsep=\skip56
\dth@everypar=\toks39
)
\c@theorem=\count152
)
(/usr/share/texmf/tex/latex/beamer/base/beamerbasethemes.sty
Package: beamerbasethemes 2010/05/01  (rcs-revision efa082c6111d)
))
(/usr/share/texmf/tex/latex/beamer/base/themes/theme/beamerthemedefault.sty
Package: beamerthemedefault 2010/06/17  (rcs-revision d02a7cf4d8ae)

(/usr/share/texmf/tex/latex/beamer/base/themes/font/beamerfontthemedefault.sty
Package: beamerfontthemedefault 2010/06/17  (rcs-revision d02a7cf4d8ae)
)
(/usr/share/texmf/tex/latex/beamer/base/themes/color/beamercolorthemedefault.st
y
Package: beamercolorthemedefault 2010/06/17  (rcs-revision d02a7cf4d8ae)
)
(/usr/share/texmf/tex/latex/beamer/base/themes/inner/beamerinnerthemedefault.st
y
Package: beamerinnerthemedefault 2012/05/01  (rcs-revision 67c48b3b652d)
\beamer@dima=\dimen183
\beamer@dimb=\dimen184
)
(/usr/share/texmf/tex/latex/beamer/base/themes/outer/beamerouterthemedefault.st
y
Package: beamerouterthemedefault 2012/10/02  (rcs-revision 5ed0f4010e8a)
))) (/usr/share/texlive/texmf-dist/tex/latex/microtype/microtype.sty
Package: microtype 2013/05/23 v2.5a Micro-typographical refinements (RS)
\MT@toks=\toks40
\MT@count=\count153
LaTeX Info: Redefining \textls on input line 766.
\MT@outer@kern=\dimen185
LaTeX Info: Redefining \textmicrotypecontext on input line 1285.
\MT@listname@count=\count154

(/usr/share/texlive/texmf-dist/tex/latex/microtype/microtype-pdftex.def
File: microtype-pdftex.def 2013/05/23 v2.5a Definitions specific to pdftex (RS)

LaTeX Info: Redefining \lsstyle on input line 915.
LaTeX Info: Redefining \lslig on input line 915.
\MT@outer@space=\skip57
)
Package microtype Info: Loading configuration file microtype.cfg.

(/usr/share/texlive/texmf-dist/tex/latex/microtype/microtype.cfg
File: microtype.cfg 2013/05/23 v2.5a microtype main configuration file (RS)
))
(/usr/share/texlive/texmf-dist/tex/latex/parskip/parskip.sty
Package: parskip 2001/04/09 non-zero parskip adjustments
)
(/usr/share/texlive/texmf-dist/tex/latex/caption/caption.sty
Package: caption 2013/05/02 v3.3-89 Customizing captions (AR)

(/usr/share/texlive/texmf-dist/tex/latex/caption/caption3.sty
Package: caption3 2013/05/02 v1.6-88 caption3 kernel (AR)
Package caption3 Info: TeX engine: e-TeX on input line 57.
\captionmargin=\dimen186
\captionmargin@=\dimen187
\captionwidth=\dimen188
\caption@tempdima=\dimen189
\caption@indent=\dimen190
\caption@parindent=\dimen191
\caption@hangindent=\dimen192
)
\c@ContinuedFloat=\count155
Package caption Info: beamer document class.
Package caption Info: hyperref package is loaded.
Package caption Info: Hyperref support is turned off
(caption)             because hyperref has stopped early.
)
(/usr/share/texlive/texmf-dist/tex/latex/caption/subcaption.sty
Package: subcaption 2013/02/03 v1.1-62 Sub-captions (AR)
\c@subfigure=\count156
\c@subtable=\count157
)
(/usr/share/texlive/texmf-dist/tex/latex/multirow/multirow.sty
\bigstrutjot=\dimen193
)
(/usr/share/texlive/texmf-dist/tex/latex/frankenstein/attrib.sty
Package: attrib 2001/08/31 v1.3 attribution of block elements (Frankenstein's h
at)

(/usr/share/texlive/texmf-dist/tex/latex/frankenstein/moredefs.sty
Package: moredefs 2001/08/31 v1.8 more defining commands (Frankenstein's brain)

\sc@toks@a=\toks41
\sc@toks@b=\toks42
)
\AttribMinSkip=\skip58
)
(/usr/share/texmf/tex/latex/beamer/base/themes/color/beamercolorthemewhale.sty
Package: beamercolorthemewhale 2010/06/17  (rcs-revision d02a7cf4d8ae)
) (./psmits_defense.aux)
\openout1 = `psmits_defense.aux'.

LaTeX Font Info:    Checking defaults for OML/cmm/m/it on input line 56.
LaTeX Font Info:    ... okay on input line 56.
LaTeX Font Info:    Checking defaults for T1/cmr/m/n on input line 56.
LaTeX Font Info:    ... okay on input line 56.
LaTeX Font Info:    Checking defaults for OT1/cmr/m/n on input line 56.
LaTeX Font Info:    ... okay on input line 56.
LaTeX Font Info:    Checking defaults for OMS/cmsy/m/n on input line 56.
LaTeX Font Info:    ... okay on input line 56.
LaTeX Font Info:    Checking defaults for OMX/cmex/m/n on input line 56.
LaTeX Font Info:    ... okay on input line 56.
LaTeX Font Info:    Checking defaults for U/cmr/m/n on input line 56.
LaTeX Font Info:    ... okay on input line 56.
LaTeX Font Info:    Checking defaults for PD1/pdf/m/n on input line 56.
LaTeX Font Info:    ... okay on input line 56.

*geometry* driver: auto-detecting
*geometry* detected driver: pdftex
*geometry* verbose mode - [ preamble ] result:
* driver: pdftex
* paper: custom
* layout: <same size as paper>
* layoutoffset:(h,v)=(0.0pt,0.0pt)
* modes: includehead includefoot 
* h-part:(L,W,R)=(28.45274pt, 307.28987pt, 28.45274pt)
* v-part:(T,H,B)=(0.0pt, 273.14662pt, 0.0pt)
* \paperwidth=364.19536pt
* \paperheight=273.14662pt
* \textwidth=307.28987pt
* \textheight=244.6939pt
* \oddsidemargin=-43.81725pt
* \evensidemargin=-43.81725pt
* \topmargin=-72.26999pt
* \headheight=14.22636pt
* \headsep=0.0pt
* \topskip=11.0pt
* \footskip=14.22636pt
* \marginparwidth=4.0pt
* \marginparsep=10.0pt
* \columnsep=10.0pt
* \skip\footins=10.0pt plus 4.0pt minus 2.0pt
* \hoffset=0.0pt
* \voffset=0.0pt
* \mag=1000
* \@twocolumnfalse
* \@twosidefalse
* \@mparswitchfalse
* \@reversemarginfalse
* (1in=72.27pt=25.4mm, 1cm=28.453pt)

(/usr/share/texlive/texmf-dist/tex/context/base/supp-pdf.mkii
[Loading MPS to PDF converter (version 2006.09.02).]
\scratchcounter=\count158
\scratchdimen=\dimen194
\scratchbox=\box53
\nofMPsegments=\count159
\nofMParguments=\count160
\everyMPshowfont=\toks43
\MPscratchCnt=\count161
\MPscratchDim=\dimen195
\MPnumerator=\count162
\makeMPintoPDFobject=\count163
\everyMPtoPDFconversion=\toks44
) (/usr/share/texlive/texmf-dist/tex/latex/oberdiek/epstopdf-base.sty
Package: epstopdf-base 2010/02/09 v2.5 Base part for package epstopdf

(/usr/share/texlive/texmf-dist/tex/latex/oberdiek/grfext.sty
Package: grfext 2010/08/19 v1.1 Manage graphics extensions (HO)
)
Package grfext Info: Graphics extension search list:
(grfext)             [.png,.pdf,.jpg,.mps,.jpeg,.jbig2,.jb2,.PNG,.PDF,.JPG,.JPE
G,.JBIG2,.JB2,.eps]
(grfext)             \AppendGraphicsExtensions on input line 452.

(/usr/share/texlive/texmf-dist/tex/latex/latexconfig/epstopdf-sys.cfg
File: epstopdf-sys.cfg 2010/07/13 v1.3 Configuration of (r)epstopdf for TeX Liv
e
))
ABD: EveryShipout initializing macros
\AtBeginShipoutBox=\box54
Package hyperref Info: Link coloring OFF on input line 56.

(/usr/share/texlive/texmf-dist/tex/latex/hyperref/nameref.sty
Package: nameref 2012/10/27 v2.43 Cross-referencing by name of section

(/usr/share/texlive/texmf-dist/tex/generic/oberdiek/gettitlestring.sty
Package: gettitlestring 2010/12/03 v1.4 Cleanup title references (HO)
)
\c@section@level=\count164
)
LaTeX Info: Redefining \ref on input line 56.
LaTeX Info: Redefining \pageref on input line 56.
LaTeX Info: Redefining \nameref on input line 56.

(./psmits_defense.out) (./psmits_defense.out)
\@outlinefile=\write5
\openout5 = `psmits_defense.out'.

LaTeX Font Info:    Overwriting symbol font `operators' in version `normal'
(Font)                  OT1/cmr/m/n --> OT1/cmss/m/n on input line 56.
LaTeX Font Info:    Overwriting symbol font `operators' in version `bold'
(Font)                  OT1/cmr/bx/n --> OT1/cmss/bx/n on input line 56.
\symnumbers=\mathgroup6
\sympureletters=\mathgroup7
LaTeX Font Info:    Overwriting math alphabet `\mathrm' in version `normal'
(Font)                  OT1/cmss/m/n --> OT1/cmr/m/n on input line 56.
LaTeX Font Info:    Redeclaring math alphabet \mathbf on input line 56.
LaTeX Font Info:    Overwriting math alphabet `\mathbf' in version `normal'
(Font)                  OT1/cmr/bx/n --> OT1/cmss/bx/n on input line 56.
LaTeX Font Info:    Overwriting math alphabet `\mathbf' in version `bold'
(Font)                  OT1/cmr/bx/n --> OT1/cmss/bx/n on input line 56.
LaTeX Font Info:    Redeclaring math alphabet \mathsf on input line 56.
LaTeX Font Info:    Overwriting math alphabet `\mathsf' in version `normal'
(Font)                  OT1/cmss/m/n --> OT1/cmss/m/n on input line 56.
LaTeX Font Info:    Overwriting math alphabet `\mathsf' in version `bold'
(Font)                  OT1/cmss/bx/n --> OT1/cmss/m/n on input line 56.
LaTeX Font Info:    Redeclaring math alphabet \mathit on input line 56.
LaTeX Font Info:    Overwriting math alphabet `\mathit' in version `normal'
(Font)                  OT1/cmr/m/it --> OT1/cmss/m/it on input line 56.
LaTeX Font Info:    Overwriting math alphabet `\mathit' in version `bold'
(Font)                  OT1/cmr/bx/it --> OT1/cmss/m/it on input line 56.
LaTeX Font Info:    Redeclaring math alphabet \mathtt on input line 56.
LaTeX Font Info:    Overwriting math alphabet `\mathtt' in version `normal'
(Font)                  OT1/cmtt/m/n --> OT1/cmtt/m/n on input line 56.
LaTeX Font Info:    Overwriting math alphabet `\mathtt' in version `bold'
(Font)                  OT1/cmtt/m/n --> OT1/cmtt/m/n on input line 56.
LaTeX Font Info:    Overwriting symbol font `numbers' in version `bold'
(Font)                  OT1/cmss/m/n --> OT1/cmss/bx/n on input line 56.
LaTeX Font Info:    Overwriting symbol font `pureletters' in version `bold'
(Font)                  OT1/cmss/m/it --> OT1/cmss/bx/it on input line 56.
LaTeX Font Info:    Overwriting math alphabet `\mathrm' in version `bold'
(Font)                  OT1/cmss/bx/n --> OT1/cmr/bx/n on input line 56.
LaTeX Font Info:    Overwriting math alphabet `\mathbf' in version `bold'
(Font)                  OT1/cmss/bx/n --> OT1/cmss/bx/n on input line 56.
LaTeX Font Info:    Overwriting math alphabet `\mathsf' in version `bold'
(Font)                  OT1/cmss/m/n --> OT1/cmss/bx/n on input line 56.
LaTeX Font Info:    Overwriting math alphabet `\mathit' in version `bold'
(Font)                  OT1/cmss/m/it --> OT1/cmss/bx/it on input line 56.
LaTeX Font Info:    Overwriting math alphabet `\mathtt' in version `bold'
(Font)                  OT1/cmtt/m/n --> OT1/cmtt/bx/n on input line 56.

(/usr/share/texmf/tex/latex/beamer/base/translator/dicts/translator-basic-dicti
onary/translator-basic-dictionary-English.dict
Dictionary: translator-basic-dictionary, Language: English 
)
(/usr/share/texmf/tex/latex/beamer/base/translator/dicts/translator-bibliograph
y-dictionary/translator-bibliography-dictionary-English.dict
Dictionary: translator-bibliography-dictionary, Language: English 
)
(/usr/share/texmf/tex/latex/beamer/base/translator/dicts/translator-environment
-dictionary/translator-environment-dictionary-English.dict
Dictionary: translator-environment-dictionary, Language: English 
)
(/usr/share/texmf/tex/latex/beamer/base/translator/dicts/translator-months-dict
ionary/translator-months-dictionary-English.dict
Dictionary: translator-months-dictionary, Language: English 
)
(/usr/share/texmf/tex/latex/beamer/base/translator/dicts/translator-numbers-dic
tionary/translator-numbers-dictionary-English.dict
Dictionary: translator-numbers-dictionary, Language: English 
)
(/usr/share/texmf/tex/latex/beamer/base/translator/dicts/translator-theorem-dic
tionary/translator-theorem-dictionary-English.dict
Dictionary: translator-theorem-dictionary, Language: English 
)
LaTeX Info: Redefining \includegraphics on input line 56.
LaTeX Info: Redefining \microtypecontext on input line 56.
Package microtype Info: Generating PDF output.
Package microtype Info: Character protrusion enabled (level 2).
Package microtype Info: Using default protrusion set `alltext'.
Package microtype Info: Automatic font expansion enabled (level 2),
(microtype)             stretch: 20, shrink: 20, step: 1, non-selected.
Package microtype Info: Using default expansion set `basictext'.
Package microtype Info: No adjustment of tracking.
Package microtype Info: No adjustment of interword spacing.
Package microtype Info: No adjustment of character kerning.
Package microtype Info: Loading generic settings for font family
(microtype)             `cmss' (encoding: OT1).
(microtype)             For optimal results, create family-specific settings.
(microtype)             See the microtype manual for details.
Package caption Info: Begin \AtBeginDocument code.
Package caption Info: End \AtBeginDocument code.
 (./psmits_defense.nav)
<figure/paleodb.png, id=45, 1015.795pt x 761.84625pt>
File: figure/paleodb.png Graphic file (type png)
 <use figure/paleodb.png>
Package pdftex.def Info: figure/paleodb.png used on input line 60.
(pdftex.def)             Requested size: 78.2428pt x 58.6821pt.

<figure/chicago.png, id=47, 250.9375pt x 250.9375pt>
File: figure/chicago.png Graphic file (type png)
 <use figure/chicago.png>
Package pdftex.def Info: figure/chicago.png used on input line 60.
(pdftex.def)             Requested size: 56.90265pt x 56.90265pt.

[1

{/var/lib/texmf/fonts/map/pdftex/updmap/pdftex.map} <./figure/paleodb.png> <./f
igure/chicago.png>] (./psmits_defense.toc) [2

] (./psmits_defense.toc)
[3

] <figure/stanley_macro.jpg, id=93, 335.2525pt x 500.87125pt>
File: figure/stanley_macro.jpg Graphic file (type jpg)

<use figure/stanley_macro.jpg>
Package pdftex.def Info: figure/stanley_macro.jpg used on input line 81.
(pdftex.def)             Requested size: 139.48016pt x 208.38503pt.
LaTeX Font Info:    Try loading font information for U+msa on input line 81.

(/usr/share/texlive/texmf-dist/tex/latex/amsfonts/umsa.fd
File: umsa.fd 2013/01/14 v3.01 AMS symbols A
)
(/usr/share/texlive/texmf-dist/tex/latex/microtype/mt-msa.cfg
File: mt-msa.cfg 2006/02/04 v1.1 microtype config. file: AMS symbols (a) (RS)
)
LaTeX Font Info:    Try loading font information for U+msb on input line 81.

(/usr/share/texlive/texmf-dist/tex/latex/amsfonts/umsb.fd
File: umsb.fd 2013/01/14 v3.01 AMS symbols B
)
(/usr/share/texlive/texmf-dist/tex/latex/microtype/mt-msb.cfg
File: mt-msb.cfg 2005/06/01 v1.0 microtype config. file: AMS symbols (b) (RS)
)
<figure/brown_macro.jpg, id=94, 231.86626pt x 347.2975pt>
File: figure/brown_macro.jpg Graphic file (type jpg)

<use figure/brown_macro.jpg>
Package pdftex.def Info: figure/brown_macro.jpg used on input line 81.
(pdftex.def)             Requested size: 139.12788pt x 208.3907pt.
 [4

 <./figure/stanley_macro.jpg> <./figure/brown_macro.jpg>] [5

] [6

] [7

] [8

] [9

]

LaTeX Font Warning: Font shape `OT1/cmss/bx/it' undefined
(Font)              using `OT1/cmss/bx/n' instead on input line 161.

[10

] <figure/schemske_pool.png, id=135, 543.4704pt x 297.7524pt>
File: figure/schemske_pool.png Graphic file (type png)

<use figure/schemske_pool.png>
Package pdftex.def Info: figure/schemske_pool.png used on input line 172.
(pdftex.def)             Requested size: 307.28523pt x 168.35307pt.
 [11

 <./figure/schemske_pool.png>]
<figure/ecocube.png, id=143, 504.4446pt x 364.2408pt>
File: figure/ecocube.png Graphic file (type png)
 <use figure/ecocube.png>
Package pdftex.def Info: figure/ecocube.png used on input line 182.
(pdftex.def)             Requested size: 288.59862pt x 208.3864pt.

[12

 <./figure/ecocube.png>]
<figure/bush_cube_time.png, id=150, 465.4188pt x 403.2666pt>
File: figure/bush_cube_time.png Graphic file (type png)

<use figure/bush_cube_time.png>
Package pdftex.def Info: figure/bush_cube_time.png used on input line 192.
(pdftex.def)             Requested size: 240.5065pt x 208.38918pt.
 [13

 <./figure/bush_cube_time.png>]
(./psmits_defense.toc) [14

]
<figure/ovaskainen_data.png, id=172, 569.4876pt x 328.1058pt>
File: figure/ovaskainen_data.png Graphic file (type png)

<use figure/ovaskainen_data.png>
Package pdftex.def Info: figure/ovaskainen_data.png used on input line 206.
(pdftex.def)             Requested size: 307.29279pt x 177.04431pt.
 [15

 <./figure/ovaskainen_data.png>]
<figure/jaynes_theory.jpg, id=179, 351.24774pt x 503.55872pt>
File: figure/jaynes_theory.jpg Graphic file (type jpg)

<use figure/jaynes_theory.jpg>
Package pdftex.def Info: figure/jaynes_theory.jpg used on input line 223.
(pdftex.def)             Requested size: 138.28308pt x 198.24655pt.
 [16

 <./figure/jaynes_theory.jpg>]
File: figure/ovaskainen_data.png Graphic file (type png)

<use figure/ovaskainen_data.png>
Package pdftex.def Info: figure/ovaskainen_data.png used on input line 233.
(pdftex.def)             Requested size: 307.29279pt x 177.04431pt.
 [17

]
<figure/ovaskainen_dag.png, id=190, 560.8152pt x 312.2064pt>
File: figure/ovaskainen_dag.png Graphic file (type png)

<use figure/ovaskainen_dag.png>
Package pdftex.def Info: figure/ovaskainen_dag.png used on input line 243.
(pdftex.def)             Requested size: 307.2855pt x 171.06616pt.
 [18

 <./figure/ovaskainen_dag.png>]
<figure/bda_cover.png, id=197, 508.90125pt x 654.445pt>
File: figure/bda_cover.png Graphic file (type png)

<use figure/bda_cover.png>
Package pdftex.def Info: figure/bda_cover.png used on input line 308.
(pdftex.def)             Requested size: 153.6422pt x 197.58327pt.
 [19

 <./figure/bda_cover.png>]
<figure/monty.JPG, id=205, 1943.26pt x 2601.72pt>
File: figure/monty.JPG Graphic file (type jpg)
 <use figure/monty.JPG>
Package pdftex.def Info: figure/monty.JPG used on input line 327.
(pdftex.def)             Requested size: 116.70917pt x 156.28958pt.

<figure/tattoo.jpg, id=206, 2457.18pt x 3276.24pt>
File: figure/tattoo.jpg Graphic file (type jpg)
 <use figure/tattoo.jpg>
Package pdftex.def Info: figure/tattoo.jpg used on input line 327.
(pdftex.def)             Requested size: 117.20468pt x 156.28958pt.

[20

 <./figure/monty.JPG> <./figure/tattoo.jpg>] (./psmits_defense.toc) [21

]
<figure/aom.jpg, id=225, 759.83875pt x 505.89pt>
File: figure/aom.jpg Graphic file (type jpg)
 <use figure/aom.jpg>
Package pdftex.def Info: figure/aom.jpg used on input line 340.
(pdftex.def)             Requested size: 307.29242pt x 204.59099pt.
 [22

 <./figure/aom.jpg>] [23

] <figure/geo_range_1.pdf, id=236, 597.23125pt x 361.35pt>
File: figure/geo_range_1.pdf Graphic file (type pdf)

<use figure/geo_range_1.pdf>
Package pdftex.def Info: figure/geo_range_1.pdf used on input line 360.
(pdftex.def)             Requested size: 307.29047pt x 185.92365pt.
 [24

 <./figure/geo_range_1.pdf>]
<figure/geo_range_2.pdf, id=246, 597.23125pt x 361.35pt>
File: figure/geo_range_2.pdf Graphic file (type pdf)

<use figure/geo_range_2.pdf>
Package pdftex.def Info: figure/geo_range_2.pdf used on input line 367.
(pdftex.def)             Requested size: 307.29047pt x 185.92365pt.
 [25

 <./figure/geo_range_2.pdf>]
<figure/loco_initial.pdf, id=257, 492.41109pt x 295.38928pt>
File: figure/loco_initial.pdf Graphic file (type pdf)

<use figure/loco_initial.pdf>
Package pdftex.def Info: figure/loco_initial.pdf used on input line 374.
(pdftex.def)             Requested size: 307.29033pt x 184.33838pt.
 [26

 <./figure/loco_initial.pdf>]
<figure/loco_later.pdf, id=265, 469.755pt x 382.5793pt>
File: figure/loco_later.pdf Graphic file (type pdf)

<use figure/loco_later.pdf>
Package pdftex.def Info: figure/loco_later.pdf used on input line 381.
(pdftex.def)             Requested size: 255.86446pt x 208.38191pt.
 [27

 <./figure/loco_later.pdf>]
<figure/diet_survival.pdf, id=273, 401.5pt x 361.35pt>
File: figure/diet_survival.pdf Graphic file (type pdf)

<use figure/diet_survival.pdf>
Package pdftex.def Info: figure/diet_survival.pdf used on input line 388.
(pdftex.def)             Requested size: 231.54073pt x 208.38666pt.
 [28

 <./figure/diet_survival.pdf>]
<figure/mammal_survival_model.pdf, id=287, 796.9775pt x 597.23125pt>
File: figure/mammal_survival_model.pdf Graphic file (type pdf)

<use figure/mammal_survival_model.pdf>
Package pdftex.def Info: figure/mammal_survival_model.pdf used on input line 39
5.
(pdftex.def)             Requested size: 278.08287pt x 208.38478pt.
 [29

 <./figure/mammal_survival_model.pdf>] <figure/survival_function_pres.png, id=3
23, 339.669pt x 252.945pt>
File: figure/survival_function_pres.png Graphic file (type png)

<use figure/survival_function_pres.png>
Package pdftex.def Info: figure/survival_function_pres.png used on input line 4
05.
(pdftex.def)             Requested size: 262.3441pt x 195.35999pt.
 [30

 <./figure/survival_function_pres.png>] <figure/loco_diff_est.pdf, id=330, 246.
9225pt x 198.7425pt>
File: figure/loco_diff_est.pdf Graphic file (type pdf)

<use figure/loco_diff_est.pdf>
Package pdftex.def Info: figure/loco_diff_est.pdf used on input line 415.
(pdftex.def)             Requested size: 242.72838pt x 195.35999pt.
 [31

 <./figure/loco_diff_est.pdf>]
<figure/diet_diff_est.pdf, id=343, 246.9225pt x 198.7425pt>
File: figure/diet_diff_est.pdf Graphic file (type pdf)

<use figure/diet_diff_est.pdf>
Package pdftex.def Info: figure/diet_diff_est.pdf used on input line 425.
(pdftex.def)             Requested size: 258.91078pt x 208.38478pt.
 [32

 <./figure/diet_diff_est.pdf>]
<figure/cohort_est_pres.pdf, id=355, 339.2675pt x 252.945pt>
File: figure/cohort_est_pres.pdf Graphic file (type pdf)

<use figure/cohort_est_pres.pdf>
Package pdftex.def Info: figure/cohort_est_pres.pdf used on input line 435.
(pdftex.def)             Requested size: 279.50569pt x 208.38478pt.
 [33

 <./figure/cohort_est_pres.pdf>]
<figure/variance_est.pdf, id=367, 246.9225pt x 216.81pt>
File: figure/variance_est.pdf Graphic file (type pdf)

<use figure/variance_est.pdf>
Package pdftex.def Info: figure/variance_est.pdf used on input line 445.
(pdftex.def)             Requested size: 237.34053pt x 208.38478pt.
 [34

 <./figure/variance_est.pdf>] [35

]
(./psmits_defense.toc) [36

] [37

]
<figure/wang_extinction.png, id=402, 389.5353pt x 383.031pt>
File: figure/wang_extinction.png Graphic file (type png)

<use figure/wang_extinction.png>
Package pdftex.def Info: figure/wang_extinction.png used on input line 480.
(pdftex.def)             Requested size: 211.92697pt x 208.3883pt.
 [38

 <./figure/wang_extinction.png>]
<figure/intensity_selectivity_base.pdf, id=409, 578.16pt x 542.025pt>
File: figure/intensity_selectivity_base.pdf Graphic file (type pdf)

<use figure/intensity_selectivity_base.pdf>
Package pdftex.def Info: figure/intensity_selectivity_base.pdf used on input li
ne 487.
(pdftex.def)             Requested size: 222.2791pt x 208.38666pt.
 [39

 <./figure/intensity_selectivity_base.pdf>] [40

] <figure/Brachiopod_fossil.jpg, id=429, 68.3872pt x 87.9264pt>
File: figure/Brachiopod_fossil.jpg Graphic file (type jpg)

<use figure/Brachiopod_fossil.jpg>
Package pdftex.def Info: figure/Brachiopod_fossil.jpg used on input line 501.
(pdftex.def)             Requested size: 138.30281pt x 177.81789pt.

<figure/Burmirhynchionella_decorata_brachial_CRF.jpg, id=430, 1995.455pt x 1923
.185pt>
File: figure/Burmirhynchionella_decorata_brachial_CRF.jpg Graphic file (type jp
g)
 <use figure/Burmirhynchionella_decorata_brachial_CRF.jpg>
Package pdftex.def Info: figure/Burmirhynchionella_decorata_brachial_CRF.jpg us
ed on input line 501.
(pdftex.def)             Requested size: 138.26506pt x 133.25746pt.
 [41

 <./figure/Brachiopod_fossil.jpg> <./figure/Burmirhynchionella_decorata_brachia
l_CRF.jpg>] [42

] <figure/simple_model.pdf, id=441, 597.23125pt x 397.485pt>
File: figure/simple_model.pdf Graphic file (type pdf)

<use figure/simple_model.pdf>
Package pdftex.def Info: figure/simple_model.pdf used on input line 523.
(pdftex.def)             Requested size: 307.29047pt x 204.516pt.
 [43

 <./figure/simple_model.pdf>] [44

]
<figure/cohort_series_wide.pdf, id=467, 867.24pt x 722.7pt>
File: figure/cohort_series_wide.pdf Graphic file (type pdf)

<use figure/cohort_series_wide.pdf>
Package pdftex.def Info: figure/cohort_series_wide.pdf used on input line 579.
(pdftex.def)             Requested size: 250.064pt x 208.38666pt.
 [45

 <./figure/cohort_series_wide.pdf>]
<figure/env_effect.pdf, id=483, 433.62pt x 361.35pt>
File: figure/env_effect.pdf Graphic file (type pdf)

<use figure/env_effect.pdf>
Package pdftex.def Info: figure/env_effect.pdf used on input line 587.
(pdftex.def)             Requested size: 250.064pt x 208.38666pt.
 [46

 <./figure/env_effect.pdf>]
<figure/env_cohort_short.pdf, id=498, 722.7pt x 361.35pt>
File: figure/env_cohort_short.pdf Graphic file (type pdf)

<use figure/env_cohort_short.pdf>
Package pdftex.def Info: figure/env_cohort_short.pdf used on input line 595.
(pdftex.def)             Requested size: 307.2923pt x 153.64615pt.
 [47

 <./figure/env_cohort_short.pdf>]
<figure/env_cohort_wide.pdf, id=512, 686.565pt x 578.16pt>
File: figure/env_cohort_wide.pdf Graphic file (type pdf)

<use figure/env_cohort_wide.pdf>
Package pdftex.def Info: figure/env_cohort_wide.pdf used on input line 603.
(pdftex.def)             Requested size: 245.83273pt x 207.01704pt.
 [48

 <./figure/env_cohort_wide.pdf>]
<figure/wei_cor_heatmap.png, id=526, 1505.625pt x 1505.625pt>
File: figure/wei_cor_heatmap.png Graphic file (type png)

<use figure/wei_cor_heatmap.png>
Package pdftex.def Info: figure/wei_cor_heatmap.png used on input line 611.
(pdftex.def)             Requested size: 234.42627pt x 234.42627pt.

Overfull \vbox (5.35568pt too high) detected at line 611
 []

[49

 <./figure/wei_cor_heatmap.png (PNG copy)>] [50

] [51

] (./psmits_defense.toc) [52

] [53

]
File: figure/aom.jpg Graphic file (type jpg)
 <use figure/aom.jpg>
Package pdftex.def Info: figure/aom.jpg used on input line 654.
(pdftex.def)             Requested size: 307.29242pt x 204.59099pt.
 [54

]
<figure/smits_2015_results.pdf, id=565, 650.43pt x 542.025pt>
File: figure/smits_2015_results.pdf Graphic file (type pdf)

<use figure/smits_2015_results.pdf>
Package pdftex.def Info: figure/smits_2015_results.pdf used on input line 662.
(pdftex.def)             Requested size: 250.064pt x 208.38666pt.
 [55

 <./figure/smits_2015_results.pdf>]
<figure/brown_fourth_corner.png, id=582, 487.0998pt x 215.3646pt>
File: figure/brown_fourth_corner.png Graphic file (type png)

<use figure/brown_fourth_corner.png>
Package pdftex.def Info: figure/brown_fourth_corner.png used on input line 671.

(pdftex.def)             Requested size: 307.29071pt x 135.86443pt.
 [56

 <./figure/brown_fourth_corner.png>]
<figure/paleo_fourth_corner.pdf, id=589, 614.295pt x 433.62pt>
File: figure/paleo_fourth_corner.pdf Graphic file (type pdf)

<use figure/paleo_fourth_corner.pdf>
Package pdftex.def Info: figure/paleo_fourth_corner.pdf used on input line 679.

(pdftex.def)             Requested size: 295.21443pt x 208.38666pt.
 [57

 <./figure/paleo_fourth_corner.pdf>]
[58

]
File: figure/paleo_fourth_corner.pdf Graphic file (type pdf)
 <use figure/paleo_fourth_corner.pdf>
Package pdftex.def Info: figure/paleo_fourth_corner.pdf used on input line 713.

(pdftex.def)             Requested size: 295.21443pt x 208.38666pt.
 [59

]
Overfull \hbox (18.133pt too wide) in paragraph at lines 756--756
[]  
 []

[60

] <figure/ecotype_origin_bd.png, id=630, 433.62pt x 289.08pt>
File: figure/ecotype_origin_bd.png Graphic file (type png)

<use figure/ecotype_origin_bd.png>
Package pdftex.def Info: figure/ecotype_origin_bd.png used on input line 786.
(pdftex.def)             Requested size: 307.30333pt x 204.86888pt.
 [61

 <./figure/ecotype_origin_bd.png>]
<figure/ecotype_survival_bd.png, id=638, 433.62pt x 289.08pt>
File: figure/ecotype_survival_bd.png Graphic file (type png)

<use figure/ecotype_survival_bd.png>
Package pdftex.def Info: figure/ecotype_survival_bd.png used on input line 793.

(pdftex.def)             Requested size: 307.30333pt x 204.86888pt.
 [62

 <./figure/ecotype_survival_bd.png>]
<figure/group_on_origin_bd.png, id=645, 433.62pt x 289.08pt>
File: figure/group_on_origin_bd.png Graphic file (type png)

<use figure/group_on_origin_bd.png>
Package pdftex.def Info: figure/group_on_origin_bd.png used on input line 800.
(pdftex.def)             Requested size: 307.30333pt x 204.86888pt.
 [63

 <./figure/group_on_origin_bd.png>]
<figure/group_on_survival_bd.png, id=652, 433.62pt x 289.08pt>
File: figure/group_on_survival_bd.png Graphic file (type png)

<use figure/group_on_survival_bd.png>
Package pdftex.def Info: figure/group_on_survival_bd.png used on input line 807
.
(pdftex.def)             Requested size: 307.30333pt x 204.86888pt.
 [64

 <./figure/group_on_survival_bd.png>]
<figure/log_diversity.png, id=659, 433.62pt x 289.08pt>
File: figure/log_diversity.png Graphic file (type png)

<use figure/log_diversity.png>
Package pdftex.def Info: figure/log_diversity.png used on input line 827.
(pdftex.def)             Requested size: 153.64174pt x 102.42783pt.

<figure/orig_rate.png, id=660, 433.62pt x 289.08pt>
File: figure/orig_rate.png Graphic file (type png)
 <use figure/orig_rate.png>
Package pdftex.def Info: figure/orig_rate.png used on input line 827.
(pdftex.def)             Requested size: 153.64174pt x 102.42783pt.

<figure/div_rate.png, id=661, 433.62pt x 289.08pt>
File: figure/div_rate.png Graphic file (type png)
 <use figure/div_rate.png>
Package pdftex.def Info: figure/div_rate.png used on input line 827.
(pdftex.def)             Requested size: 153.64174pt x 102.42783pt.

<figure/death_rate.png, id=662, 433.62pt x 289.08pt>
File: figure/death_rate.png Graphic file (type png)

<use figure/death_rate.png>
Package pdftex.def Info: figure/death_rate.png used on input line 827.
(pdftex.def)             Requested size: 153.64174pt x 102.42783pt.
 [65

 <./figure/log_diversity.png (PNG copy)> <./figure/orig_rate.png (PNG copy)> <.
/figure/div_rate.png (PNG copy)> <./figure/death_rate.png (PNG copy)>]
<figure/ecotype_diversity.png, id=668, 433.62pt x 289.08pt>
File: figure/ecotype_diversity.png Graphic file (type png)

<use figure/ecotype_diversity.png>
Package pdftex.def Info: figure/ecotype_diversity.png used on input line 834.
(pdftex.def)             Requested size: 307.30333pt x 204.86888pt.
 [66

 <./figure/ecotype_diversity.png (PNG copy)>] <figure/relative_diversity.png, i
d=674, 578.16pt x 289.08pt>
File: figure/relative_diversity.png Graphic file (type png)

<use figure/relative_diversity.png>
Package pdftex.def Info: figure/relative_diversity.png used on input line 855.
(pdftex.def)             Requested size: 307.28789pt x 153.64394pt.
 [67

 <./figure/relative_diversity.png (PNG copy)>] [68

] (./psmits_defense.toc) [69

] [70

] [71

] [72

] [73

] [74

] [75

]
<figure/committee/ken.jpg, id=732, 185.7339pt x 246.6816pt>
File: figure/committee/ken.jpg Graphic file (type jpg)

<use figure/committee/ken.jpg>
Package pdftex.def Info: figure/committee/ken.jpg used on input line 929.
(pdftex.def)             Requested size: 78.44698pt x 104.18898pt.

<figure/committee/foote.jpg, id=733, 301.125pt x 200.75pt>
File: figure/committee/foote.jpg Graphic file (type jpg)

<use figure/committee/foote.jpg>
Package pdftex.def Info: figure/committee/foote.jpg used on input line 929.
(pdftex.def)             Requested size: 138.28484pt x 92.18988pt.

<figure/committee/david_2.jpg, id=734, 987.69pt x 987.69pt>
File: figure/committee/david_2.jpg Graphic file (type jpg)

<use figure/committee/david_2.jpg>
Package pdftex.def Info: figure/committee/david_2.jpg used on input line 929.
(pdftex.def)             Requested size: 101.39713pt x 101.39713pt.

<figure/committee/rick.jpg, id=735, 602.25pt x 803.0pt>
File: figure/committee/rick.jpg Graphic file (type jpg)

<use figure/committee/rick.jpg>
Package pdftex.def Info: figure/committee/rick.jpg used on input line 929.
(pdftex.def)             Requested size: 78.13902pt x 104.18536pt.

<figure/committee/graham.jpg, id=736, 501.875pt x 376.40625pt>
File: figure/committee/graham.jpg Graphic file (type jpg)

<use figure/committee/graham.jpg>
Package pdftex.def Info: figure/committee/graham.jpg used on input line 929.
(pdftex.def)             Requested size: 101.40704pt x 76.05528pt.
 [76

 <./figure/committee/ken.jpg> <./figure/committee/foote.jpg> <./figure/committe
e/david_2.jpg> <./figure/committee/rick.jpg> <./figure/committee/graham.jpg>]
<figure/ceb.png, id=742, 366.36874pt x 44.165pt>
File: figure/ceb.png Graphic file (type png)
 <use figure/ceb.png>
Package pdftex.def Info: figure/ceb.png used on input line 967.
(pdftex.def)             Requested size: 216.09418pt x 26.0497pt.
File: figure/paleodb.png Graphic file (type png)

<use figure/paleodb.png>
Package pdftex.def Info: figure/paleodb.png used on input line 967.
(pdftex.def)             Requested size: 76.81682pt x 57.61261pt.
 [77

 <./figure/ceb.png>]
<figure/family/lex_timmy_anniversary_edit.jpg, id=749, 273.02pt x 364.36125pt>
File: figure/family/lex_timmy_anniversary_edit.jpg Graphic file (type jpg)

<use figure/family/lex_timmy_anniversary_edit.jpg>
Package pdftex.def Info: figure/family/lex_timmy_anniversary_edit.jpg used on i
nput line 975.
(pdftex.def)             Requested size: 101.40741pt x 135.33415pt.

<figure/family/james_edit.jpg, id=750, 616.3025pt x 822.07124pt>
File: figure/family/james_edit.jpg Graphic file (type jpg)

<use figure/family/james_edit.jpg>
Package pdftex.def Info: figure/family/james_edit.jpg used on input line 975.
(pdftex.def)             Requested size: 101.4034pt x 135.25958pt.

<figure/family/megan_1_edit.jpg, id=751, 538.01pt x 718.685pt>
File: figure/family/megan_1_edit.jpg Graphic file (type jpg)

<use figure/family/megan_1_edit.jpg>
Package pdftex.def Info: figure/family/megan_1_edit.jpg used on input line 975.

(pdftex.def)             Requested size: 101.40202pt x 135.45494pt.
 [78

 <./figure/family/lex_timmy_anniversary_edit.jpg> <./figure/family/james_edit.j
pg> <./figure/family/megan_1_edit.jpg>]
\tf@nav=\write6
\openout6 = `psmits_defense.nav'.

\tf@toc=\write7
\openout7 = `psmits_defense.toc'.

\tf@snm=\write8
\openout8 = `psmits_defense.snm'.

Package atveryend Info: Empty hook `BeforeClearDocument' on input line 978.
Package atveryend Info: Empty hook `AfterLastShipout' on input line 978.
(./psmits_defense.aux)
Package atveryend Info: Executing hook `AtVeryEndDocument' on input line 978.
Package atveryend Info: Executing hook `AtEndAfterFileList' on input line 978.
Package rerunfilecheck Info: File `psmits_defense.out' has not changed.
(rerunfilecheck)             Checksum: 4B06816D1BA3564A23A0E731901D8A99;654.


LaTeX Font Warning: Some font shapes were not available, defaults substituted.

Package atveryend Info: Empty hook `AtVeryVeryEnd' on input line 978.
 ) 
Here is how much of TeX's memory you used:
 18996 strings out of 493304
 350295 string characters out of 6139872
 455175 words of memory out of 5000000
 21755 multiletter control sequences out of 15000+600000
 16624 words of font info for 76 fonts, out of 8000000 for 9000
 957 hyphenation exceptions out of 8191
 49i,15n,55p,439b,810s stack positions out of 5000i,500n,10000p,200000b,80000s
</usr/share/texlive/texmf-dist/fonts/type1/public/amsfonts/cmextra/cmex8.pfb>
</usr/share/texlive/texmf-dist/fonts/type1/public/amsfonts/cm/cmmi10.pfb></usr/
share/texlive/texmf-dist/fonts/type1/public/amsfonts/cm/cmmi6.pfb></usr/share/t
exlive/texmf-dist/fonts/type1/public/amsfonts/cm/cmmi8.pfb></usr/share/texlive/
texmf-dist/fonts/type1/public/amsfonts/cm/cmss10.pfb></usr/share/texlive/texmf-
dist/fonts/type1/public/amsfonts/cm/cmss12.pfb></usr/share/texlive/texmf-dist/f
onts/type1/public/amsfonts/cm/cmss8.pfb></usr/share/texlive/texmf-dist/fonts/ty
pe1/public/amsfonts/cm/cmss9.pfb></usr/share/texlive/texmf-dist/fonts/type1/pub
lic/amsfonts/cm/cmssbx10.pfb></usr/share/texlive/texmf-dist/fonts/type1/public/
amsfonts/cm/cmssi10.pfb></usr/share/texlive/texmf-dist/fonts/type1/public/amsfo
nts/cm/cmssi12.pfb></usr/share/texlive/texmf-dist/fonts/type1/public/amsfonts/c
m/cmssi8.pfb></usr/share/texlive/texmf-dist/fonts/type1/public/amsfonts/cm/cmsy
10.pfb></usr/share/texlive/texmf-dist/fonts/type1/public/amsfonts/cm/cmsy6.pfb>
</usr/share/texlive/texmf-dist/fonts/type1/public/amsfonts/cm/cmsy8.pfb></usr/s
hare/texlive/texmf-dist/fonts/type1/public/amsfonts/symbols/msam10.pfb></usr/sh
are/texlive/texmf-dist/fonts/type1/public/amsfonts/symbols/msam7.pfb>
Output written on psmits_defense.pdf (78 pages, 18808867 bytes).
PDF statistics:
 851 PDF objects out of 1000 (max. 8388607)
 630 compressed objects within 7 object streams
 165 named destinations out of 1000 (max. 500000)
 19848 words of extra memory for PDF output out of 20736 (max. 10000000)

