 method = sample (Default)
   sample
     num_samples = 10000
     num_warmup = 10000
     save_warmup = 0 (Default)
     thin = 10
     adapt
       engaged = 1 (Default)
       gamma = 0.050000000000000003 (Default)
       delta = 0.80000000000000004 (Default)
       kappa = 0.75 (Default)
       t0 = 10 (Default)
       init_buffer = 75 (Default)
       term_buffer = 50 (Default)
       window = 25 (Default)
     algorithm = hmc (Default)
       hmc
         engine = nuts (Default)
           nuts
             max_depth = 10 (Default)
         metric = diag_e (Default)
         stepsize = 1 (Default)
         stepsize_jitter = 0 (Default)
 id = 2
 data
   file = /home/psmits/preserve/data/data_dump/fauna_info.data.R
 init = 0
 random
   seed = 1656948387
 output
   file = /home/psmits/preserve/data/mcmc_out/faun_weib_2.csv
   diagnostic_file =  (Default)
   refresh = 100 (Default)

 method = sample (Default)
   sample
     num_samples = 10000
     num_warmup = 10000
     save_warmup = 0 (Default)
     thin = 10
     adapt
       engaged = 1 (Default)
       gamma = 0.050000000000000003 (Default)
       delta = 0.80000000000000004 (Default)
       kappa = 0.75 (Default)
       t0 = 10 (Default)
       init_buffer = 75 (Default)
       term_buffer = 50 (Default)
       window = 25 (Default)
     algorithm = hmc (Default)
       hmc
         engine = nuts (Default)
           nuts
             max_depth = 10 (Default)
         metric = diag_e (Default)
         stepsize = 1 (Default)
         stepsize_jitter = 0 (Default)
 id = 1
 data
   file = /home/psmits/preserve/data/data_dump/fauna_info.data.R
 init = 0
 random
   seed = 1656948387
 output
   file = /home/psmits/preserve/data/mcmc_out/faun_weib_1.csv
   diagnostic_file =  (Default)
   refresh = 100 (Default)


Gradient evaluation took 0.00125 seconds
1000 transitions using 10 leapfrog steps per transition would take 12.5 seconds.
Adjust your expectations accordingly!



Gradient evaluation took 0.001233 seconds
1000 transitions using 10 leapfrog steps per transition would take 12.33 seconds.
Adjust your expectations accordingly!


 method = sample (Default)
   sample
     num_samples = 10000
     num_warmup = 10000
     save_warmup = 0 (Default)
     thin = 10
     adapt
       engaged = 1 (Default)
       gamma = 0.050000000000000003 (Default)
       delta = 0.80000000000000004 (Default)
       kappa = 0.75 (Default)
       t0 = 10 (Default)
       init_buffer = 75 (Default)
       term_buffer = 50 (Default)
       window = 25 (Default)
     algorithm = hmc (Default)
       hmc
         engine = nuts (Default)
           nuts
             max_depth = 10 (Default)
         metric = diag_e (Default)
         stepsize = 1 (Default)
         stepsize_jitter = 0 (Default)
 id = 3
 data
   file = /home/psmits/preserve/data/data_dump/fauna_info.data.R
 init = 0
 random
   seed = 1656948392
 output
   file = /home/psmits/preserve/data/mcmc_out/faun_weib_3.csv
   diagnostic_file =  (Default)
   refresh = 100 (Default)


Informational Message: The current Metropolis proposal is about to be rejected because of the following issue:
Exception thrown at line 82: stan::math::weibull_log: Scale parameter is inf, but must be finite!
If this warning occurs sporadically, such as for highly constrained variable types like covariance matrices, then the sampler is fine,
but if this warning occurs often then your model may be either severely ill-conditioned or misspecified.

Informational Message: The current Metropolis proposal is about to be rejected because of the following issue:
Exception thrown at line 82: stan::math::weibull_log: Scale parameter is inf, but must be finite!
If this warning occurs sporadically, such as for highly constrained variable types like covariance matrices, then the sampler is fine,
but if this warning occurs often then your model may be either severely ill-conditioned or misspecified.

Informational Message: The current Metropolis proposal is about to be rejected because of the following issue:
Exception thrown at line 82: stan::math::weibull_log: Scale parameter is inf, but must be finite!
If this warning occurs sporadically, such as for highly constrained variable types like covariance matrices, then the sampler is fine,
but if this warning occurs often then your model may be either severely ill-conditioned or misspecified.

Informational Message: The current Metropolis proposal is about to be rejected because of the following issue:
Exception thrown at line 82: stan::math::weibull_log: Scale parameter is inf, but must be finite!
If this warning occurs sporadically, such as for highly constrained variable types like covariance matrices, then the sampler is fine,
but if this warning occurs often then your model may be either severely ill-conditioned or misspecified.

Gradient evaluation took 0.001302 seconds
1000 transitions using 10 leapfrog steps per transition would take 13.02 seconds.
Adjust your expectations accordingly!



Informational Message: The current Metropolis proposal is about to be rejected because of the following issue:
Exception thrown at line 82: stan::math::weibull_log: Scale parameter is inf, but must be finite!
If this warning occurs sporadically, such as for highly constrained variable types like covariance matrices, then the sampler is fine,
but if this warning occurs often then your model may be either severely ill-conditioned or misspecified.

Informational Message: The current Metropolis proposal is about to be rejected because of the following issue:
Exception thrown at line 82: stan::math::weibull_log: Scale parameter is inf, but must be finite!
If this warning occurs sporadically, such as for highly constrained variable types like covariance matrices, then the sampler is fine,
but if this warning occurs often then your model may be either severely ill-conditioned or misspecified.

Informational Message: The current Metropolis proposal is about to be rejected because of the following issue:
Exception thrown at line 82: stan::math::weibull_log: Scale parameter is inf, but must be finite!
If this warning occurs sporadically, such as for highly constrained variable types like covariance matrices, then the sampler is fine,
but if this warning occurs often then your model may be either severely ill-conditioned or misspecified.
 method = sample (Default)
   sample
     num_samples = 10000
     num_warmup = 10000
     save_warmup = 0 (Default)
     thin = 10
     adapt
       engaged = 1 (Default)
       gamma = 0.050000000000000003 (Default)
       delta = 0.80000000000000004 (Default)
       kappa = 0.75 (Default)
       t0 = 10 (Default)
       init_buffer = 75 (Default)
       term_buffer = 50 (Default)
       window = 25 (Default)
     algorithm = hmc (Default)
       hmc
         engine = nuts (Default)
           nuts
             max_depth = 10 (Default)
         metric = diag_e (Default)
         stepsize = 1 (Default)
         stepsize_jitter = 0 (Default)
 id = 4
 data
   file = /home/psmits/preserve/data/data_dump/fauna_info.data.R
 init = 0
 random

   seed = 1656948400
Informational Message: The current Metropolis proposal is about to be rejected because of the following issue:
 output
Exception thrown at line 82: stan::math::weibull_log: Scale parameter is inf, but must be finite!
   file = /home/psmits/preserve/data/mcmc_out/faun_weib_4.csv
If this warning occurs sporadically, such as for highly constrained variable types like covariance matrices, then the sampler is fine,
   diagnostic_file =  (Default)
but if this warning occurs often then your model may be either severely ill-conditioned or misspecified.
   refresh = 100 (Default)


Informational Message: The current Metropolis proposal is about to be rejected because of the following issue:
Exception thrown at line 82: stan::math::weibull_log: Scale parameter is inf, but must be finite!
If this warning occurs sporadically, such as for highly constrained variable types like covariance matrices, then the sampler is fine,
but if this warning occurs often then your model may be either severely ill-conditioned or misspecified.

Gradient evaluation took 0.001382 seconds
1000 transitions using 10 leapfrog steps per transition would take 13.82 seconds.
Adjust your expectations accordingly!



Informational Message: The current Metropolis proposal is about to be rejected because of the following issue:
Exception thrown at line 82: stan::math::weibull_log: Scale parameter is inf, but must be finite!
If this warning occurs sporadically, such as for highly constrained variable types like covariance matrices, then the sampler is fine,
but if this warning occurs often then your model may be either severely ill-conditioned or misspecified.

Informational Message: The current Metropolis proposal is about to be rejected because of the following issue:
Exception thrown at line 82: stan::math::weibull_log: Scale parameter is inf, but must be finite!
If this warning occurs sporadically, such as for highly constrained variable types like covariance matrices, then the sampler is fine,
but if this warning occurs often then your model may be either severely ill-conditioned or misspecified.

Informational Message: The current Metropolis proposal is about to be rejected because of the following issue:
Exception thrown at line 82: stan::math::weibull_log: Scale parameter is inf, but must be finite!
If this warning occurs sporadically, such as for highly constrained variable types like covariance matrices, then the sampler is fine,
but if this warning occurs often then your model may be either severely ill-conditioned or misspecified.
Iteration:     1 / 20000 [  0%]  (Warmup)
Iteration:     1 / 20000 [  0%]  (Warmup)
Iteration:     1 / 20000 [  0%]  (Warmup)

Informational Message: The current Metropolis proposal is about to be rejected because of the following issue:
validate transformed params: Sigma is not positive definite:
 3.14979e-267  -3.3907e-266 -3.59532e-262 -5.02506e-264 -5.33198e-264 -1.84919e-264
 -3.3907e-266  9.04582e-265  3.87031e-261  1.16073e-262   5.6831e-263  1.99062e-263
-3.59532e-262  3.87031e-261  4.10387e-257  5.73584e-259  6.08617e-259  2.11075e-259
-5.02506e-264  1.16073e-262  5.73584e-259   1.5136e-260  8.44132e-261  2.95013e-261
-5.33198e-264   5.6831e-263  6.08617e-259  8.44132e-261   9.0266e-261  3.13031e-261
-1.84919e-264  1.99062e-263  2.11075e-259  2.95013e-261  3.13031e-261  1.08563e-261
If this warning occurs sporadically, such as for highly constrained variable types like covariance matrices, then the sampler is fine,
but if this warning occurs often then your model may be either severely ill-conditioned or misspecified.

Informational Message: The current Metropolis proposal is about to be rejected because of the following issue:
validate transformed params: Sigma is not positive definite:
 0  0  0  0 -0  0
 0  0  0  0 -0  0
 0  0  0  0 -0  0
 0  0  0  0 -0  0
-0 -0 -0 -0  0 -0
 0  0  0  0 -0  0
If this warning occurs sporadically, such as for highly constrained variable types like covariance matrices, then the sampler is fine,
but if this warning occurs often then your model may be either severely ill-conditioned or misspecified.

Informational Message: The current Metropolis proposal is about to be rejected because of the following issue:
Exception thrown at line 82: stan::math::weibull_log: Scale parameter is inf, but must be finite!
If this warning occurs sporadically, such as for highly constrained variable types like covariance matrices, then the sampler is fine,
but if this warning occurs often then your model may be either severely ill-conditioned or misspecified.

Informational Message: The current Metropolis proposal is about to be rejected because of the following issue:
Exception thrown at line 82: stan::math::weibull_log: Scale parameter is inf, but must be finite!
If this warning occurs sporadically, such as for highly constrained variable types like covariance matrices, then the sampler is fine,
but if this warning occurs often then your model may be either severely ill-conditioned or misspecified.
Iteration:     1 / 20000 [  0%]  (Warmup)

Informational Message: The current Metropolis proposal is about to be rejected because of the following issue:
validate transformed params: Sigma is not positive definite:
0 0 0 0 0 0
0 0 0 0 0 0
0 0 0 0 0 0
0 0 0 0 0 0
0 0 0 0 0 0
0 0 0 0 0 0
If this warning occurs sporadically, such as for highly constrained variable types like covariance matrices, then the sampler is fine,
but if this warning occurs often then your model may be either severely ill-conditioned or misspecified.

Informational Message: The current Metropolis proposal is about to be rejected because of the following issue:
Exception thrown at line 82: stan::math::weibull_log: Scale parameter is inf, but must be finite!
If this warning occurs sporadically, such as for highly constrained variable types like covariance matrices, then the sampler is fine,
but if this warning occurs often then your model may be either severely ill-conditioned or misspecified.

Informational Message: The current Metropolis proposal is about to be rejected because of the following issue:
validate transformed params: Sigma is not positive definite:
 0  0  0 -0 -0 -0
 0  0  0 -0 -0 -0
 0  0  0 -0 -0 -0
-0 -0 -0  0  0  0
-0 -0 -0  0  0  0
-0 -0 -0  0  0  0
If this warning occurs sporadically, such as for highly constrained variable types like covariance matrices, then the sampler is fine,
but if this warning occurs often then your model may be either severely ill-conditioned or misspecified.

Informational Message: The current Metropolis proposal is about to be rejected because of the following issue:
Exception thrown at line 43: stan::math::normal_log: Scale parameter is 0, but must be > 0!
If this warning occurs sporadically, such as for highly constrained variable types like covariance matrices, then the sampler is fine,
but if this warning occurs often then your model may be either severely ill-conditioned or misspecified.
Iteration:   100 / 20000 [  0%]  (Warmup)
Iteration:   200 / 20000 [  1%]  (Warmup)
Iteration:   100 / 20000 [  0%]  (Warmup)
Iteration:   300 / 20000 [  1%]  (Warmup)
Iteration:   400 / 20000 [  2%]  (Warmup)
Iteration:   100 / 20000 [  0%]  (Warmup)
Iteration:   200 / 20000 [  1%]  (Warmup)
Iteration:   200 / 20000 [  1%]  (Warmup)
Iteration:   500 / 20000 [  2%]  (Warmup)
Iteration:   100 / 20000 [  0%]  (Warmup)
Iteration:   300 / 20000 [  1%]  (Warmup)
Iteration:   600 / 20000 [  3%]  (Warmup)
Iteration:   300 / 20000 [  1%]  (Warmup)
Iteration:   400 / 20000 [  2%]  (Warmup)
Iteration:   700 / 20000 [  3%]  (Warmup)
Iteration:   400 / 20000 [  2%]  (Warmup)
Iteration:   800 / 20000 [  4%]  (Warmup)
Iteration:   500 / 20000 [  2%]  (Warmup)
Iteration:   500 / 20000 [  2%]  (Warmup)
Iteration:   900 / 20000 [  4%]  (Warmup)
Iteration:   600 / 20000 [  3%]  (Warmup)
Iteration:   600 / 20000 [  3%]  (Warmup)
Iteration:  1000 / 20000 [  5%]  (Warmup)
Iteration:   700 / 20000 [  3%]  (Warmup)
Iteration:   200 / 20000 [  1%]  (Warmup)
Iteration:   700 / 20000 [  3%]  (Warmup)
Iteration:  1100 / 20000 [  5%]  (Warmup)
Iteration:  1200 / 20000 [  6%]  (Warmup)
Iteration:   800 / 20000 [  4%]  (Warmup)
Iteration:   800 / 20000 [  4%]  (Warmup)
Iteration:  1300 / 20000 [  6%]  (Warmup)
Iteration:   300 / 20000 [  1%]  (Warmup)
Iteration:   900 / 20000 [  4%]  (Warmup)
Iteration:   900 / 20000 [  4%]  (Warmup)
Iteration:  1000 / 20000 [  5%]  (Warmup)
Iteration:  1400 / 20000 [  7%]  (Warmup)
Iteration:   400 / 20000 [  2%]  (Warmup)
Iteration:  1000 / 20000 [  5%]  (Warmup)
Iteration:  1100 / 20000 [  5%]  (Warmup)
Iteration:  1100 / 20000 [  5%]  (Warmup)
Iteration:  1200 / 20000 [  6%]  (Warmup)
Iteration:   500 / 20000 [  2%]  (Warmup)
Iteration:  1200 / 20000 [  6%]  (Warmup)
Iteration:  1300 / 20000 [  6%]  (Warmup)
Iteration:  1500 / 20000 [  7%]  (Warmup)
Iteration:   600 / 20000 [  3%]  (Warmup)
Iteration:  1300 / 20000 [  6%]  (Warmup)
Iteration:  1400 / 20000 [  7%]  (Warmup)
Iteration:  1600 / 20000 [  8%]  (Warmup)
Iteration:  1400 / 20000 [  7%]  (Warmup)
Iteration:   700 / 20000 [  3%]  (Warmup)
Iteration:  1500 / 20000 [  7%]  (Warmup)
Iteration:  1600 / 20000 [  8%]  (Warmup)
Iteration:   800 / 20000 [  4%]  (Warmup)
Iteration:  1700 / 20000 [  8%]  (Warmup)
Iteration:  1700 / 20000 [  8%]  (Warmup)
Iteration:  1500 / 20000 [  7%]  (Warmup)
Iteration:   900 / 20000 [  4%]  (Warmup)
Iteration:  1800 / 20000 [  9%]  (Warmup)
Iteration:  1000 / 20000 [  5%]  (Warmup)
Iteration:  1600 / 20000 [  8%]  (Warmup)
Iteration:  1800 / 20000 [  9%]  (Warmup)
Iteration:  1900 / 20000 [  9%]  (Warmup)
Iteration:  1100 / 20000 [  5%]  (Warmup)
Iteration:  1900 / 20000 [  9%]  (Warmup)
Iteration:  1700 / 20000 [  8%]  (Warmup)
Iteration:  1200 / 20000 [  6%]  (Warmup)
Iteration:  2000 / 20000 [ 10%]  (Warmup)
Iteration:  2000 / 20000 [ 10%]  (Warmup)
Iteration:  1800 / 20000 [  9%]  (Warmup)
Iteration:  1300 / 20000 [  6%]  (Warmup)
Iteration:  2100 / 20000 [ 10%]  (Warmup)
Iteration:  2100 / 20000 [ 10%]  (Warmup)
Iteration:  1400 / 20000 [  7%]  (Warmup)
Iteration:  1900 / 20000 [  9%]  (Warmup)
Iteration:  2200 / 20000 [ 11%]  (Warmup)
Iteration:  2200 / 20000 [ 11%]  (Warmup)
Iteration:  1500 / 20000 [  7%]  (Warmup)
Iteration:  2000 / 20000 [ 10%]  (Warmup)
Iteration:  2300 / 20000 [ 11%]  (Warmup)
Iteration:  2300 / 20000 [ 11%]  (Warmup)
Iteration:  2100 / 20000 [ 10%]  (Warmup)
Iteration:  1600 / 20000 [  8%]  (Warmup)
Iteration:  2400 / 20000 [ 12%]  (Warmup)
Iteration:  2400 / 20000 [ 12%]  (Warmup)
Iteration:  2200 / 20000 [ 11%]  (Warmup)
Iteration:  2500 / 20000 [ 12%]  (Warmup)
Iteration:  2500 / 20000 [ 12%]  (Warmup)
Iteration:  2300 / 20000 [ 11%]  (Warmup)
Iteration:  1700 / 20000 [  8%]  (Warmup)
Iteration:  2600 / 20000 [ 13%]  (Warmup)
Iteration:  2600 / 20000 [ 13%]  (Warmup)
Iteration:  2400 / 20000 [ 12%]  (Warmup)
Iteration:  2700 / 20000 [ 13%]  (Warmup)
Iteration:  2700 / 20000 [ 13%]  (Warmup)
Iteration:  1800 / 20000 [  9%]  (Warmup)
Iteration:  2800 / 20000 [ 14%]  (Warmup)
Iteration:  2500 / 20000 [ 12%]  (Warmup)
Iteration:  2600 / 20000 [ 13%]  (Warmup)
Iteration:  2800 / 20000 [ 14%]  (Warmup)
Iteration:  1900 / 20000 [  9%]  (Warmup)
Iteration:  2900 / 20000 [ 14%]  (Warmup)
Iteration:  2700 / 20000 [ 13%]  (Warmup)
Iteration:  2900 / 20000 [ 14%]  (Warmup)
Iteration:  3000 / 20000 [ 15%]  (Warmup)
Iteration:  2800 / 20000 [ 14%]  (Warmup)
Iteration:  3000 / 20000 [ 15%]  (Warmup)
Iteration:  2000 / 20000 [ 10%]  (Warmup)
Iteration:  2900 / 20000 [ 14%]  (Warmup)
Iteration:  3100 / 20000 [ 15%]  (Warmup)
Iteration:  3100 / 20000 [ 15%]  (Warmup)
Iteration:  3200 / 20000 [ 16%]  (Warmup)
Iteration:  3000 / 20000 [ 15%]  (Warmup)
Iteration:  3200 / 20000 [ 16%]  (Warmup)
Iteration:  3300 / 20000 [ 16%]  (Warmup)
Iteration:  3100 / 20000 [ 15%]  (Warmup)
Iteration:  2100 / 20000 [ 10%]  (Warmup)
Iteration:  3300 / 20000 [ 16%]  (Warmup)
Iteration:  3400 / 20000 [ 17%]  (Warmup)
Iteration:  3400 / 20000 [ 17%]  (Warmup)
Iteration:  3500 / 20000 [ 17%]  (Warmup)
Iteration:  3500 / 20000 [ 17%]  (Warmup)
Iteration:  3200 / 20000 [ 16%]  (Warmup)
Iteration:  2200 / 20000 [ 11%]  (Warmup)
Iteration:  3600 / 20000 [ 18%]  (Warmup)
Iteration:  3300 / 20000 [ 16%]  (Warmup)
Iteration:  3700 / 20000 [ 18%]  (Warmup)
Iteration:  3600 / 20000 [ 18%]  (Warmup)
Iteration:  3800 / 20000 [ 19%]  (Warmup)
Iteration:  3400 / 20000 [ 17%]  (Warmup)
Iteration:  3900 / 20000 [ 19%]  (Warmup)
Iteration:  3700 / 20000 [ 18%]  (Warmup)
Iteration:  3500 / 20000 [ 17%]  (Warmup)
Iteration:  2300 / 20000 [ 11%]  (Warmup)
Iteration:  4000 / 20000 [ 20%]  (Warmup)
Iteration:  3800 / 20000 [ 19%]  (Warmup)
Iteration:  4100 / 20000 [ 20%]  (Warmup)
Iteration:  3600 / 20000 [ 18%]  (Warmup)
Iteration:  3900 / 20000 [ 19%]  (Warmup)
Iteration:  4200 / 20000 [ 21%]  (Warmup)
Iteration:  4300 / 20000 [ 21%]  (Warmup)
Iteration:  4000 / 20000 [ 20%]  (Warmup)
Iteration:  2400 / 20000 [ 12%]  (Warmup)
Iteration:  4100 / 20000 [ 20%]  (Warmup)
Iteration:  4400 / 20000 [ 22%]  (Warmup)
Iteration:  4200 / 20000 [ 21%]  (Warmup)
Iteration:  4500 / 20000 [ 22%]  (Warmup)
Iteration:  4300 / 20000 [ 21%]  (Warmup)
Iteration:  3700 / 20000 [ 18%]  (Warmup)
Iteration:  4600 / 20000 [ 23%]  (Warmup)
Iteration:  4400 / 20000 [ 22%]  (Warmup)
Iteration:  4700 / 20000 [ 23%]  (Warmup)
Iteration:  4800 / 20000 [ 24%]  (Warmup)
Iteration:  4500 / 20000 [ 22%]  (Warmup)
Iteration:  2500 / 20000 [ 12%]  (Warmup)
Iteration:  4900 / 20000 [ 24%]  (Warmup)
Iteration:  4600 / 20000 [ 23%]  (Warmup)
Iteration:  5000 / 20000 [ 25%]  (Warmup)
Iteration:  5100 / 20000 [ 25%]  (Warmup)
Iteration:  4700 / 20000 [ 23%]  (Warmup)
Iteration:  4800 / 20000 [ 24%]  (Warmup)
Iteration:  3800 / 20000 [ 19%]  (Warmup)
Iteration:  4900 / 20000 [ 24%]  (Warmup)
Iteration:  5200 / 20000 [ 26%]  (Warmup)
Iteration:  5000 / 20000 [ 25%]  (Warmup)
Iteration:  5100 / 20000 [ 25%]  (Warmup)
Iteration:  5300 / 20000 [ 26%]  (Warmup)
Iteration:  5200 / 20000 [ 26%]  (Warmup)
Iteration:  3900 / 20000 [ 19%]  (Warmup)
Iteration:  5300 / 20000 [ 26%]  (Warmup)
Iteration:  5400 / 20000 [ 27%]  (Warmup)
Iteration:  2600 / 20000 [ 13%]  (Warmup)
Iteration:  5500 / 20000 [ 27%]  (Warmup)
Iteration:  4000 / 20000 [ 20%]  (Warmup)
Iteration:  5600 / 20000 [ 28%]  (Warmup)
Iteration:  5400 / 20000 [ 27%]  (Warmup)
Iteration:  5700 / 20000 [ 28%]  (Warmup)
Iteration:  5800 / 20000 [ 29%]  (Warmup)
Iteration:  5500 / 20000 [ 27%]  (Warmup)
Iteration:  4100 / 20000 [ 20%]  (Warmup)
Iteration:  5900 / 20000 [ 29%]  (Warmup)
Iteration:  6000 / 20000 [ 30%]  (Warmup)
Iteration:  4200 / 20000 [ 21%]  (Warmup)
Iteration:  5600 / 20000 [ 28%]  (Warmup)
Iteration:  4300 / 20000 [ 21%]  (Warmup)
Iteration:  6100 / 20000 [ 30%]  (Warmup)
Iteration:  4400 / 20000 [ 22%]  (Warmup)
Iteration:  5700 / 20000 [ 28%]  (Warmup)
Iteration:  5800 / 20000 [ 29%]  (Warmup)
Iteration:  4500 / 20000 [ 22%]  (Warmup)
Iteration:  6200 / 20000 [ 31%]  (Warmup)
Iteration:  4600 / 20000 [ 23%]  (Warmup)
Iteration:  6300 / 20000 [ 31%]  (Warmup)
Iteration:  5900 / 20000 [ 29%]  (Warmup)
Iteration:  4700 / 20000 [ 23%]  (Warmup)
Iteration:  6400 / 20000 [ 32%]  (Warmup)
Iteration:  4800 / 20000 [ 24%]  (Warmup)
Iteration:  6500 / 20000 [ 32%]  (Warmup)
Iteration:  6000 / 20000 [ 30%]  (Warmup)
Iteration:  6600 / 20000 [ 33%]  (Warmup)
Iteration:  4900 / 20000 [ 24%]  (Warmup)
Iteration:  6700 / 20000 [ 33%]  (Warmup)
Iteration:  2700 / 20000 [ 13%]  (Warmup)
Iteration:  6100 / 20000 [ 30%]  (Warmup)
Iteration:  5000 / 20000 [ 25%]  (Warmup)
Iteration:  6800 / 20000 [ 34%]  (Warmup)
Iteration:  5100 / 20000 [ 25%]  (Warmup)
Iteration:  5200 / 20000 [ 26%]  (Warmup)
Iteration:  6200 / 20000 [ 31%]  (Warmup)
Iteration:  5300 / 20000 [ 26%]  (Warmup)
Iteration:  6300 / 20000 [ 31%]  (Warmup)
Iteration:  6900 / 20000 [ 34%]  (Warmup)
Iteration:  5400 / 20000 [ 27%]  (Warmup)
Iteration:  5500 / 20000 [ 27%]  (Warmup)
Iteration:  6400 / 20000 [ 32%]  (Warmup)
Iteration:  5600 / 20000 [ 28%]  (Warmup)
Iteration:  6500 / 20000 [ 32%]  (Warmup)
Iteration:  5700 / 20000 [ 28%]  (Warmup)
Iteration:  6600 / 20000 [ 33%]  (Warmup)
Iteration:  5800 / 20000 [ 29%]  (Warmup)
Iteration:  5900 / 20000 [ 29%]  (Warmup)
Iteration:  7000 / 20000 [ 35%]  (Warmup)
Iteration:  6700 / 20000 [ 33%]  (Warmup)
Iteration:  6000 / 20000 [ 30%]  (Warmup)
Iteration:  6800 / 20000 [ 34%]  (Warmup)
Iteration:  6100 / 20000 [ 30%]  (Warmup)
Iteration:  6900 / 20000 [ 34%]  (Warmup)
Iteration:  6200 / 20000 [ 31%]  (Warmup)
Iteration:  7000 / 20000 [ 35%]  (Warmup)
Iteration:  2800 / 20000 [ 14%]  (Warmup)
Iteration:  7100 / 20000 [ 35%]  (Warmup)
Iteration:  6300 / 20000 [ 31%]  (Warmup)
Iteration:  6400 / 20000 [ 32%]  (Warmup)
Iteration:  7100 / 20000 [ 35%]  (Warmup)
Iteration:  6500 / 20000 [ 32%]  (Warmup)
Iteration:  6600 / 20000 [ 33%]  (Warmup)
Iteration:  6700 / 20000 [ 33%]  (Warmup)
Iteration:  7200 / 20000 [ 36%]  (Warmup)
Iteration:  6800 / 20000 [ 34%]  (Warmup)
Iteration:  6900 / 20000 [ 34%]  (Warmup)
Iteration:  7000 / 20000 [ 35%]  (Warmup)
Iteration:  7100 / 20000 [ 35%]  (Warmup)
Iteration:  7200 / 20000 [ 36%]  (Warmup)
Iteration:  7200 / 20000 [ 36%]  (Warmup)
Iteration:  7300 / 20000 [ 36%]  (Warmup)
Iteration:  7400 / 20000 [ 37%]  (Warmup)
Iteration:  7500 / 20000 [ 37%]  (Warmup)
Iteration:  7600 / 20000 [ 38%]  (Warmup)
Iteration:  7700 / 20000 [ 38%]  (Warmup)
Iteration:  7800 / 20000 [ 39%]  (Warmup)
Iteration:  2900 / 20000 [ 14%]  (Warmup)
Iteration:  7300 / 20000 [ 36%]  (Warmup)
Iteration:  7900 / 20000 [ 39%]  (Warmup)
Iteration:  8000 / 20000 [ 40%]  (Warmup)
Iteration:  8100 / 20000 [ 40%]  (Warmup)
Iteration:  8200 / 20000 [ 41%]  (Warmup)
Iteration:  8300 / 20000 [ 41%]  (Warmup)
Iteration:  8400 / 20000 [ 42%]  (Warmup)
Iteration:  7300 / 20000 [ 36%]  (Warmup)
Iteration:  8500 / 20000 [ 42%]  (Warmup)
Iteration:  7400 / 20000 [ 37%]  (Warmup)
Iteration:  8600 / 20000 [ 43%]  (Warmup)
Iteration:  8700 / 20000 [ 43%]  (Warmup)
Iteration:  8800 / 20000 [ 44%]  (Warmup)
Iteration:  8900 / 20000 [ 44%]  (Warmup)
Iteration:  9000 / 20000 [ 45%]  (Warmup)
Iteration:  9100 / 20000 [ 45%]  (Warmup)
Iteration:  9200 / 20000 [ 46%]  (Warmup)
Iteration:  7500 / 20000 [ 37%]  (Warmup)
Iteration:  9300 / 20000 [ 46%]  (Warmup)
Iteration:  9400 / 20000 [ 47%]  (Warmup)
Iteration:  3000 / 20000 [ 15%]  (Warmup)
Iteration:  9500 / 20000 [ 47%]  (Warmup)
Iteration:  7600 / 20000 [ 38%]  (Warmup)
Iteration:  7400 / 20000 [ 37%]  (Warmup)
Iteration:  9600 / 20000 [ 48%]  (Warmup)
Iteration:  7700 / 20000 [ 38%]  (Warmup)
Iteration:  9700 / 20000 [ 48%]  (Warmup)
Iteration:  9800 / 20000 [ 49%]  (Warmup)
Iteration:  7800 / 20000 [ 39%]  (Warmup)
Iteration:  9900 / 20000 [ 49%]  (Warmup)
Iteration:  7900 / 20000 [ 39%]  (Warmup)
Iteration: 10000 / 20000 [ 50%]  (Warmup)
Iteration: 10001 / 20000 [ 50%]  (Sampling)
Iteration:  8000 / 20000 [ 40%]  (Warmup)
Iteration: 10100 / 20000 [ 50%]  (Sampling)
Iteration:  8100 / 20000 [ 40%]  (Warmup)
Iteration: 10200 / 20000 [ 51%]  (Sampling)
Iteration:  8200 / 20000 [ 41%]  (Warmup)
Iteration: 10300 / 20000 [ 51%]  (Sampling)
Iteration:  8300 / 20000 [ 41%]  (Warmup)
Iteration:  8400 / 20000 [ 42%]  (Warmup)
Iteration:  3100 / 20000 [ 15%]  (Warmup)
Iteration:  7500 / 20000 [ 37%]  (Warmup)
Iteration: 10400 / 20000 [ 52%]  (Sampling)
Iteration:  8500 / 20000 [ 42%]  (Warmup)
Iteration:  8600 / 20000 [ 43%]  (Warmup)
Iteration: 10500 / 20000 [ 52%]  (Sampling)
Iteration:  8700 / 20000 [ 43%]  (Warmup)
Iteration: 10600 / 20000 [ 53%]  (Sampling)
Iteration:  8800 / 20000 [ 44%]  (Warmup)
Iteration: 10700 / 20000 [ 53%]  (Sampling)
Iteration:  8900 / 20000 [ 44%]  (Warmup)
Iteration:  9000 / 20000 [ 45%]  (Warmup)
Iteration:  9100 / 20000 [ 45%]  (Warmup)
Iteration: 10800 / 20000 [ 54%]  (Sampling)
Iteration:  9200 / 20000 [ 46%]  (Warmup)
Iteration:  9300 / 20000 [ 46%]  (Warmup)
Iteration: 10900 / 20000 [ 54%]  (Sampling)
Iteration:  9400 / 20000 [ 47%]  (Warmup)
Iteration: 11000 / 20000 [ 55%]  (Sampling)
Iteration:  9500 / 20000 [ 47%]  (Warmup)
Iteration:  9600 / 20000 [ 48%]  (Warmup)
Iteration: 11100 / 20000 [ 55%]  (Sampling)
Iteration:  9700 / 20000 [ 48%]  (Warmup)
Iteration:  9800 / 20000 [ 49%]  (Warmup)
Iteration:  9900 / 20000 [ 49%]  (Warmup)
Iteration: 11200 / 20000 [ 56%]  (Sampling)
Iteration: 11300 / 20000 [ 56%]  (Sampling)
Iteration: 11400 / 20000 [ 57%]  (Sampling)
Iteration:  3200 / 20000 [ 16%]  (Warmup)
Iteration: 10000 / 20000 [ 50%]  (Warmup)
Iteration: 10001 / 20000 [ 50%]  (Sampling)
Iteration: 11500 / 20000 [ 57%]  (Sampling)
Iteration:  7600 / 20000 [ 38%]  (Warmup)
Iteration: 11600 / 20000 [ 58%]  (Sampling)
Iteration: 10100 / 20000 [ 50%]  (Sampling)
Iteration: 11700 / 20000 [ 58%]  (Sampling)
Iteration: 11800 / 20000 [ 59%]  (Sampling)
Iteration: 10200 / 20000 [ 51%]  (Sampling)
Iteration: 11900 / 20000 [ 59%]  (Sampling)
Iteration: 12000 / 20000 [ 60%]  (Sampling)
Iteration: 12100 / 20000 [ 60%]  (Sampling)
Iteration: 10300 / 20000 [ 51%]  (Sampling)
Iteration: 12200 / 20000 [ 61%]  (Sampling)
Iteration: 12300 / 20000 [ 61%]  (Sampling)
Iteration: 10400 / 20000 [ 52%]  (Sampling)
Iteration: 12400 / 20000 [ 62%]  (Sampling)
Iteration: 10500 / 20000 [ 52%]  (Sampling)
Iteration: 12500 / 20000 [ 62%]  (Sampling)
Iteration: 10600 / 20000 [ 53%]  (Sampling)
Iteration: 12600 / 20000 [ 63%]  (Sampling)
Iteration: 12700 / 20000 [ 63%]  (Sampling)
Iteration:  3300 / 20000 [ 16%]  (Warmup)
Iteration: 10700 / 20000 [ 53%]  (Sampling)
Iteration: 12800 / 20000 [ 64%]  (Sampling)
Iteration: 12900 / 20000 [ 64%]  (Sampling)
Iteration: 13000 / 20000 [ 65%]  (Sampling)
Iteration: 10800 / 20000 [ 54%]  (Sampling)
Iteration: 13100 / 20000 [ 65%]  (Sampling)
Iteration: 13200 / 20000 [ 66%]  (Sampling)
Iteration:  7700 / 20000 [ 38%]  (Warmup)
Iteration: 13300 / 20000 [ 66%]  (Sampling)
Iteration: 13400 / 20000 [ 67%]  (Sampling)
Iteration: 10900 / 20000 [ 54%]  (Sampling)
Iteration: 11000 / 20000 [ 55%]  (Sampling)
Iteration: 13500 / 20000 [ 67%]  (Sampling)
Iteration:  3400 / 20000 [ 17%]  (Warmup)
Iteration: 13600 / 20000 [ 68%]  (Sampling)
Iteration: 11100 / 20000 [ 55%]  (Sampling)
Iteration: 13700 / 20000 [ 68%]  (Sampling)
Iteration: 13800 / 20000 [ 69%]  (Sampling)
Iteration: 13900 / 20000 [ 69%]  (Sampling)
Iteration: 14000 / 20000 [ 70%]  (Sampling)
Iteration: 11200 / 20000 [ 56%]  (Sampling)
Iteration:  3500 / 20000 [ 17%]  (Warmup)
Iteration: 14100 / 20000 [ 70%]  (Sampling)
Iteration: 14200 / 20000 [ 71%]  (Sampling)
Iteration:  3600 / 20000 [ 18%]  (Warmup)
Iteration:  7800 / 20000 [ 39%]  (Warmup)
Iteration: 14300 / 20000 [ 71%]  (Sampling)
Iteration: 14400 / 20000 [ 72%]  (Sampling)
Iteration: 11300 / 20000 [ 56%]  (Sampling)
Iteration: 14500 / 20000 [ 72%]  (Sampling)
Iteration: 11400 / 20000 [ 57%]  (Sampling)
Iteration: 14600 / 20000 [ 73%]  (Sampling)
Iteration: 14700 / 20000 [ 73%]  (Sampling)
Iteration:  3700 / 20000 [ 18%]  (Warmup)
Iteration: 14800 / 20000 [ 74%]  (Sampling)
Iteration: 14900 / 20000 [ 74%]  (Sampling)
Iteration: 11500 / 20000 [ 57%]  (Sampling)
Iteration:  3800 / 20000 [ 19%]  (Warmup)
Iteration: 15000 / 20000 [ 75%]  (Sampling)
Iteration: 15100 / 20000 [ 75%]  (Sampling)
Iteration: 15200 / 20000 [ 76%]  (Sampling)
Iteration: 15300 / 20000 [ 76%]  (Sampling)
Iteration:  3900 / 20000 [ 19%]  (Warmup)
Iteration: 15400 / 20000 [ 77%]  (Sampling)
Iteration: 15500 / 20000 [ 77%]  (Sampling)
Iteration: 15600 / 20000 [ 78%]  (Sampling)
Iteration: 15700 / 20000 [ 78%]  (Sampling)
Iteration: 11600 / 20000 [ 58%]  (Sampling)
Iteration: 15800 / 20000 [ 79%]  (Sampling)
Iteration: 15900 / 20000 [ 79%]  (Sampling)
Iteration: 16000 / 20000 [ 80%]  (Sampling)
Iteration: 16100 / 20000 [ 80%]  (Sampling)
Iteration: 16200 / 20000 [ 81%]  (Sampling)
Iteration: 16300 / 20000 [ 81%]  (Sampling)
Iteration: 16400 / 20000 [ 82%]  (Sampling)
Iteration: 16500 / 20000 [ 82%]  (Sampling)
Iteration: 16600 / 20000 [ 83%]  (Sampling)
Iteration: 16700 / 20000 [ 83%]  (Sampling)
Iteration: 16800 / 20000 [ 84%]  (Sampling)
Iteration: 16900 / 20000 [ 84%]  (Sampling)
Iteration: 17000 / 20000 [ 85%]  (Sampling)
Iteration: 17100 / 20000 [ 85%]  (Sampling)
Iteration: 17200 / 20000 [ 86%]  (Sampling)
Iteration: 17300 / 20000 [ 86%]  (Sampling)
Iteration: 17400 / 20000 [ 87%]  (Sampling)
Iteration: 17500 / 20000 [ 87%]  (Sampling)
Iteration: 17600 / 20000 [ 88%]  (Sampling)
Iteration:  7900 / 20000 [ 39%]  (Warmup)
Iteration: 17700 / 20000 [ 88%]  (Sampling)
Iteration:  4000 / 20000 [ 20%]  (Warmup)
Iteration: 17800 / 20000 [ 89%]  (Sampling)
Iteration: 11700 / 20000 [ 58%]  (Sampling)
Iteration:  8000 / 20000 [ 40%]  (Warmup)
Iteration: 11800 / 20000 [ 59%]  (Sampling)
Iteration: 17900 / 20000 [ 89%]  (Sampling)
Iteration: 18000 / 20000 [ 90%]  (Sampling)
Iteration: 11900 / 20000 [ 59%]  (Sampling)
Iteration: 18100 / 20000 [ 90%]  (Sampling)
Iteration:  4100 / 20000 [ 20%]  (Warmup)
Iteration: 18200 / 20000 [ 91%]  (Sampling)
Iteration:  8100 / 20000 [ 40%]  (Warmup)
Iteration: 18300 / 20000 [ 91%]  (Sampling)
Iteration:  8200 / 20000 [ 41%]  (Warmup)
Iteration: 18400 / 20000 [ 92%]  (Sampling)
Iteration: 18500 / 20000 [ 92%]  (Sampling)
Iteration:  8300 / 20000 [ 41%]  (Warmup)
Iteration: 12000 / 20000 [ 60%]  (Sampling)
Iteration: 12100 / 20000 [ 60%]  (Sampling)
Iteration:  8400 / 20000 [ 42%]  (Warmup)
Iteration: 18600 / 20000 [ 93%]  (Sampling)
Iteration: 18700 / 20000 [ 93%]  (Sampling)
Iteration: 12200 / 20000 [ 61%]  (Sampling)
Iteration: 12300 / 20000 [ 61%]  (Sampling)
Iteration:  8500 / 20000 [ 42%]  (Warmup)
Iteration: 12400 / 20000 [ 62%]  (Sampling)
Iteration: 18800 / 20000 [ 94%]  (Sampling)
Iteration:  4200 / 20000 [ 21%]  (Warmup)
Iteration: 18900 / 20000 [ 94%]  (Sampling)
Iteration: 12500 / 20000 [ 62%]  (Sampling)
Iteration: 12600 / 20000 [ 63%]  (Sampling)
Iteration:  8600 / 20000 [ 43%]  (Warmup)
Iteration: 19000 / 20000 [ 95%]  (Sampling)
Iteration: 19100 / 20000 [ 95%]  (Sampling)
Iteration:  8700 / 20000 [ 43%]  (Warmup)
Iteration: 19200 / 20000 [ 96%]  (Sampling)
Iteration: 12700 / 20000 [ 63%]  (Sampling)
Iteration:  8800 / 20000 [ 44%]  (Warmup)
Iteration: 19300 / 20000 [ 96%]  (Sampling)
Iteration: 12800 / 20000 [ 64%]  (Sampling)
Iteration: 19400 / 20000 [ 97%]  (Sampling)
Iteration: 19500 / 20000 [ 97%]  (Sampling)
Iteration:  8900 / 20000 [ 44%]  (Warmup)
Iteration: 19600 / 20000 [ 98%]  (Sampling)
Iteration: 12900 / 20000 [ 64%]  (Sampling)
Iteration: 19700 / 20000 [ 98%]  (Sampling)
Iteration:  4300 / 20000 [ 21%]  (Warmup)
Iteration: 19800 / 20000 [ 99%]  (Sampling)
Iteration:  9000 / 20000 [ 45%]  (Warmup)
Iteration: 19900 / 20000 [ 99%]  (Sampling)
Iteration: 20000 / 20000 [100%]  (Sampling)
# 
#  Elapsed Time: 2451.35 seconds (Warm-up)
#                1763.24 seconds (Sampling)
#                4214.58 seconds (Total)
# 
Iteration: 13000 / 20000 [ 65%]  (Sampling)
Iteration: 13100 / 20000 [ 65%]  (Sampling)
Iteration: 13200 / 20000 [ 66%]  (Sampling)
Iteration: 13300 / 20000 [ 66%]  (Sampling)
Iteration: 13400 / 20000 [ 67%]  (Sampling)
Iteration:  9100 / 20000 [ 45%]  (Warmup)
Iteration: 13500 / 20000 [ 67%]  (Sampling)
Iteration:  4400 / 20000 [ 22%]  (Warmup)
Iteration: 13600 / 20000 [ 68%]  (Sampling)
Iteration: 13700 / 20000 [ 68%]  (Sampling)
Iteration: 13800 / 20000 [ 69%]  (Sampling)
Iteration:  9200 / 20000 [ 46%]  (Warmup)
Iteration:  4500 / 20000 [ 22%]  (Warmup)
Iteration: 13900 / 20000 [ 69%]  (Sampling)
Iteration: 14000 / 20000 [ 70%]  (Sampling)
Iteration:  9300 / 20000 [ 46%]  (Warmup)
Iteration: 14100 / 20000 [ 70%]  (Sampling)
Iteration:  4600 / 20000 [ 23%]  (Warmup)
Iteration: 14200 / 20000 [ 71%]  (Sampling)
Iteration:  9400 / 20000 [ 47%]  (Warmup)
Iteration: 14300 / 20000 [ 71%]  (Sampling)
Iteration: 14400 / 20000 [ 72%]  (Sampling)
Iteration:  9500 / 20000 [ 47%]  (Warmup)
Iteration:  9600 / 20000 [ 48%]  (Warmup)
Iteration: 14500 / 20000 [ 72%]  (Sampling)
Iteration:  4700 / 20000 [ 23%]  (Warmup)
Iteration:  9700 / 20000 [ 48%]  (Warmup)
Iteration:  9800 / 20000 [ 49%]  (Warmup)
Iteration: 14600 / 20000 [ 73%]  (Sampling)
Iteration:  9900 / 20000 [ 49%]  (Warmup)
Iteration: 14700 / 20000 [ 73%]  (Sampling)
Iteration: 10000 / 20000 [ 50%]  (Warmup)
Iteration: 10001 / 20000 [ 50%]  (Sampling)
Iteration: 14800 / 20000 [ 74%]  (Sampling)
Iteration:  4800 / 20000 [ 24%]  (Warmup)
Iteration: 10100 / 20000 [ 50%]  (Sampling)
Iteration: 14900 / 20000 [ 74%]  (Sampling)
Iteration: 10200 / 20000 [ 51%]  (Sampling)
Iteration: 10300 / 20000 [ 51%]  (Sampling)
Iteration: 15000 / 20000 [ 75%]  (Sampling)
Iteration: 10400 / 20000 [ 52%]  (Sampling)
Iteration: 15100 / 20000 [ 75%]  (Sampling)
Iteration: 10500 / 20000 [ 52%]  (Sampling)
Iteration: 15200 / 20000 [ 76%]  (Sampling)
Iteration: 10600 / 20000 [ 53%]  (Sampling)
Iteration: 10700 / 20000 [ 53%]  (Sampling)
Iteration: 15300 / 20000 [ 76%]  (Sampling)
Iteration: 10800 / 20000 [ 54%]  (Sampling)
Iteration: 10900 / 20000 [ 54%]  (Sampling)
Iteration: 15400 / 20000 [ 77%]  (Sampling)
Iteration: 11000 / 20000 [ 55%]  (Sampling)
Iteration: 15500 / 20000 [ 77%]  (Sampling)
Iteration: 11100 / 20000 [ 55%]  (Sampling)
Iteration: 11200 / 20000 [ 56%]  (Sampling)
Iteration: 11300 / 20000 [ 56%]  (Sampling)
Iteration: 15600 / 20000 [ 78%]  (Sampling)
Iteration: 11400 / 20000 [ 57%]  (Sampling)
Iteration:  4900 / 20000 [ 24%]  (Warmup)
Iteration: 11500 / 20000 [ 57%]  (Sampling)
Iteration: 11600 / 20000 [ 58%]  (Sampling)
Iteration: 11700 / 20000 [ 58%]  (Sampling)
Iteration: 15700 / 20000 [ 78%]  (Sampling)
Iteration: 11800 / 20000 [ 59%]  (Sampling)
Iteration: 11900 / 20000 [ 59%]  (Sampling)
Iteration: 12000 / 20000 [ 60%]  (Sampling)
Iteration: 15800 / 20000 [ 79%]  (Sampling)
Iteration: 12100 / 20000 [ 60%]  (Sampling)
Iteration: 12200 / 20000 [ 61%]  (Sampling)
Iteration: 12300 / 20000 [ 61%]  (Sampling)
Iteration: 12400 / 20000 [ 62%]  (Sampling)
Iteration:  5000 / 20000 [ 25%]  (Warmup)
Iteration: 15900 / 20000 [ 79%]  (Sampling)
Iteration: 12500 / 20000 [ 62%]  (Sampling)
Iteration: 12600 / 20000 [ 63%]  (Sampling)
Iteration: 12700 / 20000 [ 63%]  (Sampling)
Iteration: 12800 / 20000 [ 64%]  (Sampling)
Iteration:  5100 / 20000 [ 25%]  (Warmup)
Iteration: 12900 / 20000 [ 64%]  (Sampling)
Iteration: 16000 / 20000 [ 80%]  (Sampling)
Iteration: 13000 / 20000 [ 65%]  (Sampling)
Iteration:  5200 / 20000 [ 26%]  (Warmup)
Iteration: 13100 / 20000 [ 65%]  (Sampling)
Iteration:  5300 / 20000 [ 26%]  (Warmup)
Iteration: 13200 / 20000 [ 66%]  (Sampling)
Iteration:  5400 / 20000 [ 27%]  (Warmup)
Iteration: 13300 / 20000 [ 66%]  (Sampling)
Iteration: 16100 / 20000 [ 80%]  (Sampling)
Iteration:  5500 / 20000 [ 27%]  (Warmup)
Iteration: 13400 / 20000 [ 67%]  (Sampling)
Iteration:  5600 / 20000 [ 28%]  (Warmup)
Iteration: 13500 / 20000 [ 67%]  (Sampling)
Iteration:  5700 / 20000 [ 28%]  (Warmup)
Iteration: 13600 / 20000 [ 68%]  (Sampling)
Iteration: 16200 / 20000 [ 81%]  (Sampling)
Iteration:  5800 / 20000 [ 29%]  (Warmup)
Iteration: 13700 / 20000 [ 68%]  (Sampling)
Iteration:  5900 / 20000 [ 29%]  (Warmup)
Iteration: 16300 / 20000 [ 81%]  (Sampling)
Iteration: 13800 / 20000 [ 69%]  (Sampling)
Iteration:  6000 / 20000 [ 30%]  (Warmup)
Iteration: 13900 / 20000 [ 69%]  (Sampling)
Iteration: 16400 / 20000 [ 82%]  (Sampling)
Iteration: 14000 / 20000 [ 70%]  (Sampling)
Iteration:  6100 / 20000 [ 30%]  (Warmup)
Iteration: 14100 / 20000 [ 70%]  (Sampling)
Iteration: 14200 / 20000 [ 71%]  (Sampling)
Iteration: 16500 / 20000 [ 82%]  (Sampling)
Iteration:  6200 / 20000 [ 31%]  (Warmup)
Iteration: 14300 / 20000 [ 71%]  (Sampling)
Iteration:  6300 / 20000 [ 31%]  (Warmup)
Iteration: 16600 / 20000 [ 83%]  (Sampling)
Iteration: 14400 / 20000 [ 72%]  (Sampling)
Iteration: 14500 / 20000 [ 72%]  (Sampling)
Iteration:  6400 / 20000 [ 32%]  (Warmup)
Iteration: 16700 / 20000 [ 83%]  (Sampling)
Iteration:  6500 / 20000 [ 32%]  (Warmup)
Iteration: 14600 / 20000 [ 73%]  (Sampling)
Iteration:  6600 / 20000 [ 33%]  (Warmup)
Iteration: 14700 / 20000 [ 73%]  (Sampling)
Iteration: 16800 / 20000 [ 84%]  (Sampling)
Iteration:  6700 / 20000 [ 33%]  (Warmup)
Iteration: 14800 / 20000 [ 74%]  (Sampling)
Iteration:  6800 / 20000 [ 34%]  (Warmup)
Iteration: 14900 / 20000 [ 74%]  (Sampling)
Iteration:  6900 / 20000 [ 34%]  (Warmup)
Iteration: 15000 / 20000 [ 75%]  (Sampling)
Iteration:  7000 / 20000 [ 35%]  (Warmup)
Iteration: 16900 / 20000 [ 84%]  (Sampling)
Iteration: 15100 / 20000 [ 75%]  (Sampling)
Iteration:  7100 / 20000 [ 35%]  (Warmup)
Iteration: 15200 / 20000 [ 76%]  (Sampling)
Iteration: 15300 / 20000 [ 76%]  (Sampling)
Iteration:  7200 / 20000 [ 36%]  (Warmup)
Iteration: 15400 / 20000 [ 77%]  (Sampling)
Iteration: 17000 / 20000 [ 85%]  (Sampling)
Iteration:  7300 / 20000 [ 36%]  (Warmup)
Iteration:  7400 / 20000 [ 37%]  (Warmup)
Iteration: 17100 / 20000 [ 85%]  (Sampling)
Iteration: 15500 / 20000 [ 77%]  (Sampling)
Iteration:  7500 / 20000 [ 37%]  (Warmup)
Iteration: 15600 / 20000 [ 78%]  (Sampling)
Iteration: 15700 / 20000 [ 78%]  (Sampling)
Iteration: 17200 / 20000 [ 86%]  (Sampling)
Iteration: 15800 / 20000 [ 79%]  (Sampling)
Iteration:  7600 / 20000 [ 38%]  (Warmup)
Iteration: 15900 / 20000 [ 79%]  (Sampling)
Iteration: 17300 / 20000 [ 86%]  (Sampling)
Iteration: 16000 / 20000 [ 80%]  (Sampling)
Iteration: 16100 / 20000 [ 80%]  (Sampling)
Iteration: 17400 / 20000 [ 87%]  (Sampling)
Iteration: 16200 / 20000 [ 81%]  (Sampling)
Iteration:  7700 / 20000 [ 38%]  (Warmup)
Iteration: 16300 / 20000 [ 81%]  (Sampling)
Iteration: 17500 / 20000 [ 87%]  (Sampling)
Iteration: 16400 / 20000 [ 82%]  (Sampling)
Iteration: 16500 / 20000 [ 82%]  (Sampling)
Iteration: 16600 / 20000 [ 83%]  (Sampling)
Iteration: 17600 / 20000 [ 88%]  (Sampling)
Iteration:  7800 / 20000 [ 39%]  (Warmup)
Iteration: 16700 / 20000 [ 83%]  (Sampling)
Iteration:  7900 / 20000 [ 39%]  (Warmup)
Iteration: 16800 / 20000 [ 84%]  (Sampling)
Iteration: 16900 / 20000 [ 84%]  (Sampling)
Iteration:  8000 / 20000 [ 40%]  (Warmup)
Iteration: 17000 / 20000 [ 85%]  (Sampling)
Iteration:  8100 / 20000 [ 40%]  (Warmup)
Iteration: 17100 / 20000 [ 85%]  (Sampling)
Iteration: 17700 / 20000 [ 88%]  (Sampling)
Iteration:  8200 / 20000 [ 41%]  (Warmup)
Iteration: 17200 / 20000 [ 86%]  (Sampling)
Iteration:  8300 / 20000 [ 41%]  (Warmup)
Iteration: 17300 / 20000 [ 86%]  (Sampling)
Iteration: 17400 / 20000 [ 87%]  (Sampling)
Iteration: 17500 / 20000 [ 87%]  (Sampling)
Iteration:  8400 / 20000 [ 42%]  (Warmup)
Iteration:  8500 / 20000 [ 42%]  (Warmup)
Iteration: 17600 / 20000 [ 88%]  (Sampling)
Iteration:  8600 / 20000 [ 43%]  (Warmup)
Iteration: 17800 / 20000 [ 89%]  (Sampling)
Iteration: 17700 / 20000 [ 88%]  (Sampling)
Iteration:  8700 / 20000 [ 43%]  (Warmup)
Iteration: 17900 / 20000 [ 89%]  (Sampling)
Iteration:  8800 / 20000 [ 44%]  (Warmup)
Iteration: 18000 / 20000 [ 90%]  (Sampling)
Iteration: 17800 / 20000 [ 89%]  (Sampling)
Iteration:  8900 / 20000 [ 44%]  (Warmup)
Iteration:  9000 / 20000 [ 45%]  (Warmup)
Iteration: 17900 / 20000 [ 89%]  (Sampling)
Iteration:  9100 / 20000 [ 45%]  (Warmup)
Iteration: 18100 / 20000 [ 90%]  (Sampling)
Iteration: 18000 / 20000 [ 90%]  (Sampling)
Iteration: 18200 / 20000 [ 91%]  (Sampling)
Iteration: 18100 / 20000 [ 90%]  (Sampling)
Iteration: 18300 / 20000 [ 91%]  (Sampling)
Iteration:  9200 / 20000 [ 46%]  (Warmup)
Iteration: 18200 / 20000 [ 91%]  (Sampling)
Iteration: 18400 / 20000 [ 92%]  (Sampling)
Iteration: 18300 / 20000 [ 91%]  (Sampling)
Iteration: 18400 / 20000 [ 92%]  (Sampling)
Iteration: 18500 / 20000 [ 92%]  (Sampling)
Iteration:  9300 / 20000 [ 46%]  (Warmup)
Iteration: 18500 / 20000 [ 92%]  (Sampling)
Iteration:  9400 / 20000 [ 47%]  (Warmup)
Iteration: 18600 / 20000 [ 93%]  (Sampling)
Iteration: 18600 / 20000 [ 93%]  (Sampling)
Iteration:  9500 / 20000 [ 47%]  (Warmup)
Iteration: 18700 / 20000 [ 93%]  (Sampling)
Iteration: 18700 / 20000 [ 93%]  (Sampling)
Iteration:  9600 / 20000 [ 48%]  (Warmup)
Iteration: 18800 / 20000 [ 94%]  (Sampling)
Iteration: 18800 / 20000 [ 94%]  (Sampling)
Iteration:  9700 / 20000 [ 48%]  (Warmup)
Iteration: 18900 / 20000 [ 94%]  (Sampling)
Iteration:  9800 / 20000 [ 49%]  (Warmup)
Iteration: 18900 / 20000 [ 94%]  (Sampling)
Iteration:  9900 / 20000 [ 49%]  (Warmup)
Iteration: 19000 / 20000 [ 95%]  (Sampling)
Iteration: 10000 / 20000 [ 50%]  (Warmup)
Iteration: 10001 / 20000 [ 50%]  (Sampling)
Iteration: 19100 / 20000 [ 95%]  (Sampling)
Iteration: 19000 / 20000 [ 95%]  (Sampling)
Iteration: 19200 / 20000 [ 96%]  (Sampling)
Iteration: 10100 / 20000 [ 50%]  (Sampling)
Iteration: 19100 / 20000 [ 95%]  (Sampling)
Iteration: 19300 / 20000 [ 96%]  (Sampling)
Iteration: 10200 / 20000 [ 51%]  (Sampling)
Iteration: 19400 / 20000 [ 97%]  (Sampling)
Iteration: 10300 / 20000 [ 51%]  (Sampling)
Iteration: 19200 / 20000 [ 96%]  (Sampling)
Iteration: 10400 / 20000 [ 52%]  (Sampling)
Iteration: 19300 / 20000 [ 96%]  (Sampling)
Iteration: 19500 / 20000 [ 97%]  (Sampling)
Iteration: 10500 / 20000 [ 52%]  (Sampling)
Iteration: 19600 / 20000 [ 98%]  (Sampling)
Iteration: 19700 / 20000 [ 98%]  (Sampling)
Iteration: 19800 / 20000 [ 99%]  (Sampling)
Iteration: 19900 / 20000 [ 99%]  (Sampling)
Iteration: 20000 / 20000 [100%]  (Sampling)
# 
#  Elapsed Time: 4862.87 seconds (Warm-up)
#                1797.79 seconds (Sampling)
#                6660.66 seconds (Total)
# 
Iteration: 19400 / 20000 [ 97%]  (Sampling)
Iteration: 10600 / 20000 [ 53%]  (Sampling)
Iteration: 10700 / 20000 [ 53%]  (Sampling)
Iteration: 10800 / 20000 [ 54%]  (Sampling)
Iteration: 19500 / 20000 [ 97%]  (Sampling)
Iteration: 10900 / 20000 [ 54%]  (Sampling)
Iteration: 11000 / 20000 [ 55%]  (Sampling)
Iteration: 11100 / 20000 [ 55%]  (Sampling)
Iteration: 11200 / 20000 [ 56%]  (Sampling)
Iteration: 19600 / 20000 [ 98%]  (Sampling)
Iteration: 11300 / 20000 [ 56%]  (Sampling)
Iteration: 19700 / 20000 [ 98%]  (Sampling)
Iteration: 19800 / 20000 [ 99%]  (Sampling)
Iteration: 11400 / 20000 [ 57%]  (Sampling)
Iteration: 11500 / 20000 [ 57%]  (Sampling)
Iteration: 19900 / 20000 [ 99%]  (Sampling)
Iteration: 11600 / 20000 [ 58%]  (Sampling)
Iteration: 20000 / 20000 [100%]  (Sampling)
# 
#  Elapsed Time: 2885.85 seconds (Warm-up)
#                4010.8 seconds (Sampling)
#                6896.65 seconds (Total)
# 
Iteration: 11700 / 20000 [ 58%]  (Sampling)
Iteration: 11800 / 20000 [ 59%]  (Sampling)
Iteration: 11900 / 20000 [ 59%]  (Sampling)
Iteration: 12000 / 20000 [ 60%]  (Sampling)
Iteration: 12100 / 20000 [ 60%]  (Sampling)
Iteration: 12200 / 20000 [ 61%]  (Sampling)
Iteration: 12300 / 20000 [ 61%]  (Sampling)
Iteration: 12400 / 20000 [ 62%]  (Sampling)
Iteration: 12500 / 20000 [ 62%]  (Sampling)
Iteration: 12600 / 20000 [ 63%]  (Sampling)
Iteration: 12700 / 20000 [ 63%]  (Sampling)
Iteration: 12800 / 20000 [ 64%]  (Sampling)
Iteration: 12900 / 20000 [ 64%]  (Sampling)
Iteration: 13000 / 20000 [ 65%]  (Sampling)
Iteration: 13100 / 20000 [ 65%]  (Sampling)
Iteration: 13200 / 20000 [ 66%]  (Sampling)
Iteration: 13300 / 20000 [ 66%]  (Sampling)
Iteration: 13400 / 20000 [ 67%]  (Sampling)
Iteration: 13500 / 20000 [ 67%]  (Sampling)
Iteration: 13600 / 20000 [ 68%]  (Sampling)
Iteration: 13700 / 20000 [ 68%]  (Sampling)
Iteration: 13800 / 20000 [ 69%]  (Sampling)
Iteration: 13900 / 20000 [ 69%]  (Sampling)
Iteration: 14000 / 20000 [ 70%]  (Sampling)
Iteration: 14100 / 20000 [ 70%]  (Sampling)
Iteration: 14200 / 20000 [ 71%]  (Sampling)
Iteration: 14300 / 20000 [ 71%]  (Sampling)
Iteration: 14400 / 20000 [ 72%]  (Sampling)
Iteration: 14500 / 20000 [ 72%]  (Sampling)
Iteration: 14600 / 20000 [ 73%]  (Sampling)
Iteration: 14700 / 20000 [ 73%]  (Sampling)
Iteration: 14800 / 20000 [ 74%]  (Sampling)
Iteration: 14900 / 20000 [ 74%]  (Sampling)
Iteration: 15000 / 20000 [ 75%]  (Sampling)
Iteration: 15100 / 20000 [ 75%]  (Sampling)
Iteration: 15200 / 20000 [ 76%]  (Sampling)
Iteration: 15300 / 20000 [ 76%]  (Sampling)
Iteration: 15400 / 20000 [ 77%]  (Sampling)
Iteration: 15500 / 20000 [ 77%]  (Sampling)
Iteration: 15600 / 20000 [ 78%]  (Sampling)
Iteration: 15700 / 20000 [ 78%]  (Sampling)
Iteration: 15800 / 20000 [ 79%]  (Sampling)
Iteration: 15900 / 20000 [ 79%]  (Sampling)
Iteration: 16000 / 20000 [ 80%]  (Sampling)
Iteration: 16100 / 20000 [ 80%]  (Sampling)
Iteration: 16200 / 20000 [ 81%]  (Sampling)
Iteration: 16300 / 20000 [ 81%]  (Sampling)
Iteration: 16400 / 20000 [ 82%]  (Sampling)
Iteration: 16500 / 20000 [ 82%]  (Sampling)
Iteration: 16600 / 20000 [ 83%]  (Sampling)
Iteration: 16700 / 20000 [ 83%]  (Sampling)
Iteration: 16800 / 20000 [ 84%]  (Sampling)
Iteration: 16900 / 20000 [ 84%]  (Sampling)
Iteration: 17000 / 20000 [ 85%]  (Sampling)
Iteration: 17100 / 20000 [ 85%]  (Sampling)
Iteration: 17200 / 20000 [ 86%]  (Sampling)
Iteration: 17300 / 20000 [ 86%]  (Sampling)
Iteration: 17400 / 20000 [ 87%]  (Sampling)
Iteration: 17500 / 20000 [ 87%]  (Sampling)
Iteration: 17600 / 20000 [ 88%]  (Sampling)
Iteration: 17700 / 20000 [ 88%]  (Sampling)
Iteration: 17800 / 20000 [ 89%]  (Sampling)
Iteration: 17900 / 20000 [ 89%]  (Sampling)
Iteration: 18000 / 20000 [ 90%]  (Sampling)
Iteration: 18100 / 20000 [ 90%]  (Sampling)
Iteration: 18200 / 20000 [ 91%]  (Sampling)
Iteration: 18300 / 20000 [ 91%]  (Sampling)
Iteration: 18400 / 20000 [ 92%]  (Sampling)
Iteration: 18500 / 20000 [ 92%]  (Sampling)
Iteration: 18600 / 20000 [ 93%]  (Sampling)
Iteration: 18700 / 20000 [ 93%]  (Sampling)
Iteration: 18800 / 20000 [ 94%]  (Sampling)
Iteration: 18900 / 20000 [ 94%]  (Sampling)
Iteration: 19000 / 20000 [ 95%]  (Sampling)
Iteration: 19100 / 20000 [ 95%]  (Sampling)
Iteration: 19200 / 20000 [ 96%]  (Sampling)
Iteration: 19300 / 20000 [ 96%]  (Sampling)
Iteration: 19400 / 20000 [ 97%]  (Sampling)
Iteration: 19500 / 20000 [ 97%]  (Sampling)
Iteration: 19600 / 20000 [ 98%]  (Sampling)
Iteration: 19700 / 20000 [ 98%]  (Sampling)
Iteration: 19800 / 20000 [ 99%]  (Sampling)
Iteration: 19900 / 20000 [ 99%]  (Sampling)
Iteration: 20000 / 20000 [100%]  (Sampling)
# 
#  Elapsed Time: 6542.19 seconds (Warm-up)
#                1839.24 seconds (Sampling)
#                8381.43 seconds (Total)
# 
